abr 11, 2020 6:56:04 PM cameraRing.Log log
INFORMACIÓN: Right thread started
abr 11, 2020 6:56:04 PM cameraRing.Log log
INFORMACIÓN: Left thread started
abr 11, 2020 6:56:04 PM cameraRing.Log log
INFORMACIÓN: Server Corba started
abr 11, 2020 6:56:04 PM cameraRing.Log log
INFORMACIÓN: Client Corba started
abr 11, 2020 6:56:04 PM cameraRing.Log log
INFORMACIÓN: Listening IN folder
abr 11, 2020 6:56:06 PM cameraRing.Log log
INFORMACIÓN: Sending matricula to CorbaServer
abr 11, 2020 6:56:08 PM cameraRing.Log log
INFORMACIÓN: IN: 	at MatriculasClient.main(MatriculasClient.java:25)
abr 11, 2020 7:05:57 PM cameraRing.Log log
INFORMACIÓN: Right thread started
abr 11, 2020 7:05:57 PM cameraRing.Log log
INFORMACIÓN: Left thread started
abr 11, 2020 7:05:57 PM cameraRing.Log log
INFORMACIÓN: Server Corba started
abr 11, 2020 7:05:57 PM cameraRing.Log log
INFORMACIÓN: Client Corba started
abr 11, 2020 7:05:57 PM cameraRing.Log log
INFORMACIÓN: Listening IN folder
abr 11, 2020 7:06:05 PM cameraRing.Log log
INFORMACIÓN: Sending matricula to CorbaServer
abr 11, 2020 7:06:07 PM cameraRing.Log log
INFORMACIÓN: IN: AB 7354 B
abr 11, 2020 7:06:21 PM cameraRing.Log log
INFORMACIÓN: Sending matricula to CorbaServer
abr 11, 2020 7:06:23 PM cameraRing.Log log
INFORMACIÓN: IN: AB 7354 B
abr 11, 2020 7:06:37 PM cameraRing.Log log
INFORMACIÓN: Sending matricula to CorbaServer
abr 11, 2020 7:06:39 PM cameraRing.Log log
INFORMACIÓN: IN: 1111 AAA
abr 11, 2020 7:06:45 PM cameraRing.Log log
INFORMACIÓN: Sending matricula to CorbaServer
abr 11, 2020 7:06:46 PM cameraRing.Log log
INFORMACIÓN: IN: 1111 AAA
abr 11, 2020 7:07:15 PM cameraRing.Log log
INFORMACIÓN: Sending matricula to CorbaServer
abr 11, 2020 7:07:16 PM cameraRing.Log log
INFORMACIÓN: IN: 0000 000
abr 11, 2020 7:07:45 PM cameraRing.Log log
INFORMACIÓN: Sending matricula to CorbaServer
abr 11, 2020 7:07:46 PM cameraRing.Log log
INFORMACIÓN: IN: 0000 000
abr 11, 2020 7:08:46 PM cameraRing.Log log
INFORMACIÓN: Sending matricula to CorbaServer
abr 11, 2020 7:08:48 PM cameraRing.Log log
INFORMACIÓN: IN: 	at MatriculasClient.main(MatriculasClient.java:25)
abr 11, 2020 7:09:13 PM cameraRing.Log log
INFORMACIÓN: Sending matricula to CorbaServer
abr 11, 2020 7:09:14 PM cameraRing.Log log
INFORMACIÓN: IN: 3547 NXB
abr 11, 2020 7:09:21 PM cameraRing.Log log
INFORMACIÓN: Sending matricula to CorbaServer
abr 11, 2020 7:09:22 PM cameraRing.Log log
INFORMACIÓN: IN: 3547 NXB
