abr. 24, 2020 6:00:40 P. M. Client2.java
INFO: CLIENT START
abr. 24, 2020 6:01:19 P. M. Client2.java
INFO: Data sent to proxy
abr. 24, 2020 6:01:22 P. M. Client2.java
INFO: CLIENT RUN
abr. 24, 2020 6:01:24 P. M. Client2.java
INFO: User logged in
abr. 24, 2020 6:02:30 P. M. Client2.java
INFO: Data sent to proxy
abr. 24, 2020 6:02:34 P. M. Client2.java
INFO: CLIENT RUN
abr. 24, 2020 6:02:36 P. M. Client2.java
INFO: Sign up correct
abr. 24, 2020 6:09:13 P. M. Client2.java
INFO: Data sent to proxy
abr. 24, 2020 6:09:18 P. M. Client2.java
INFO: CLIENT RUN
abr. 24, 2020 6:09:20 P. M. Client2.java
INFO: User logged out
