abr. 24, 2020 12:05:16 P. M. Client1.java
INFO: CLIENT START
abr. 24, 2020 12:05:30 P. M. Client1.java
INFO: Data sent to proxy
abr. 24, 2020 12:05:35 P. M. Client1.java
INFO: CLIENT RUN
abr. 24, 2020 12:05:37 P. M. Client1.java
INFO: Sign up correct
abr. 24, 2020 12:05:58 P. M. Client1.java
INFO: Commamnd not found
abr. 24, 2020 12:06:30 P. M. Client1.java
INFO: Data sent to proxy
abr. 24, 2020 12:06:35 P. M. Client1.java
INFO: CLIENT RUN
abr. 24, 2020 12:06:37 P. M. Client1.java
INFO: Sign up correct
abr. 24, 2020 12:13:59 P. M. Client1.java
INFO: CLIENT START
abr. 24, 2020 12:14:07 P. M. Client1.java
INFO: Data sent to proxy
abr. 24, 2020 12:14:10 P. M. Client1.java
INFO: CLIENT RUN
abr. 24, 2020 12:14:14 P. M. Client1.java
INFO: User logged in
abr. 24, 2020 12:14:49 P. M. Client1.java
INFO: Data sent to proxy
abr. 24, 2020 12:14:58 P. M. Client1.java
INFO: CLIENT RUN
abr. 24, 2020 12:14:59 P. M. Client1.java
INFO: Resident added
abr. 24, 2020 12:20:30 P. M. Client1.java
INFO: CLIENT START
abr. 24, 2020 12:20:38 P. M. Client1.java
INFO: Data sent to proxy
abr. 24, 2020 12:20:41 P. M. Client1.java
INFO: CLIENT RUN
abr. 24, 2020 12:20:44 P. M. Client1.java
INFO: User logged in
abr. 24, 2020 12:21:01 P. M. Client1.java
INFO: Data sent to proxy
abr. 24, 2020 12:21:09 P. M. Client1.java
INFO: CLIENT RUN
abr. 24, 2020 12:21:10 P. M. Client1.java
INFO: Resident added
abr. 24, 2020 12:21:40 P. M. Client1.java
INFO: Data sent to proxy
abr. 24, 2020 12:21:48 P. M. Client1.java
INFO: CLIENT RUN
abr. 24, 2020 12:21:51 P. M. Client1.java
INFO: Resident deleted
abr. 24, 2020 12:22:27 P. M. Client1.java
INFO: Data sent to proxy
abr. 24, 2020 12:22:36 P. M. Client1.java
INFO: CLIENT RUN
abr. 24, 2020 12:22:38 P. M. Client1.java
INFO: License plate not found
abr. 24, 2020 5:49:33 P. M. Client1.java
INFO: CLIENT START
abr. 24, 2020 5:49:47 P. M. Client1.java
INFO: Data sent to proxy
abr. 24, 2020 5:49:51 P. M. Client1.java
INFO: CLIENT RUN
abr. 24, 2020 5:49:54 P. M. Client1.java
INFO: User logged in
abr. 24, 2020 5:50:21 P. M. Client1.java
INFO: Data sent to proxy
abr. 24, 2020 5:50:26 P. M. Client1.java
INFO: CLIENT RUN
abr. 24, 2020 5:50:27 P. M. Client1.java
INFO: Sign up incorrect: DNI already in use
abr. 24, 2020 5:51:30 P. M. Client1.java
INFO: Data sent to proxy
abr. 24, 2020 5:51:33 P. M. Client1.java
INFO: CLIENT RUN
abr. 24, 2020 5:51:36 P. M. Client1.java
INFO: Sign up correct
abr. 24, 2020 6:00:33 P. M. Client1.java
INFO: CLIENT START
abr. 24, 2020 6:02:56 P. M. Client1.java
INFO: Data sent to proxy
abr. 24, 2020 6:03:00 P. M. Client1.java
INFO: CLIENT RUN
abr. 24, 2020 6:03:02 P. M. Client1.java
INFO: User logged in
abr. 24, 2020 6:03:24 P. M. Client1.java
INFO: Data sent to proxy
abr. 24, 2020 6:03:26 P. M. Client1.java
INFO: CLIENT RUN
abr. 24, 2020 6:03:29 P. M. Client1.java
INFO: Sign up incorrect: DNI already in use
abr. 24, 2020 6:04:11 P. M. Client1.java
INFO: Data sent to proxy
abr. 24, 2020 6:04:19 P. M. Client1.java
INFO: CLIENT RUN
abr. 24, 2020 6:04:21 P. M. Client1.java
INFO: Resident added
abr. 24, 2020 6:05:15 P. M. Client1.java
INFO: Data sent to proxy
abr. 24, 2020 6:05:23 P. M. Client1.java
INFO: CLIENT RUN
abr. 24, 2020 6:05:25 P. M. Client1.java
INFO: License plate already registered
abr. 24, 2020 6:05:52 P. M. Client1.java
INFO: Data sent to proxy
abr. 24, 2020 6:06:02 P. M. Client1.java
INFO: CLIENT RUN
abr. 24, 2020 6:06:04 P. M. Client1.java
INFO: Resident added
abr. 24, 2020 6:06:35 P. M. Client1.java
INFO: Data sent to proxy
abr. 24, 2020 6:06:44 P. M. Client1.java
INFO: CLIENT RUN
abr. 24, 2020 6:06:46 P. M. Client1.java
INFO: Resident deleted
abr. 24, 2020 6:07:22 P. M. Client1.java
INFO: Data sent to proxy
abr. 24, 2020 6:07:33 P. M. Client1.java
INFO: CLIENT RUN
abr. 24, 2020 6:07:35 P. M. Client1.java
INFO: Results
abr. 24, 2020 6:08:24 P. M. Client1.java
INFO: Data sent to proxy
abr. 24, 2020 6:08:33 P. M. Client1.java
INFO: CLIENT RUN
abr. 24, 2020 6:08:35 P. M. Client1.java
INFO: License plate not found
abr. 24, 2020 6:09:00 P. M. Client1.java
INFO: Data sent to proxy
abr. 24, 2020 6:09:05 P. M. Client1.java
INFO: CLIENT RUN
abr. 24, 2020 6:09:07 P. M. Client1.java
INFO: User logged out
