abr. 24, 2020 12:04:43 P. M. AdministrationServer.java
INFO: SERVER START
abr. 24, 2020 12:04:44 P. M. AdministrationServer.java
INFO: SERVER RUN
abr. 24, 2020 12:04:44 P. M. AdministrationServer.java
INFO: SERVER RUN
abr. 24, 2020 12:14:52 P. M. AdministrationServer.java
INFO: Data base accessed and sent response to proxy
abr. 24, 2020 12:21:04 P. M. AdministrationServer.java
INFO: Data base accessed and sent response to proxy
abr. 24, 2020 12:21:44 P. M. AdministrationServer.java
INFO: Data base accessed and sent response to proxy
abr. 24, 2020 12:22:31 P. M. AdministrationServer.java
INFO: Received and decrypted license plate
abr. 24, 2020 12:22:31 P. M. AdministrationServer.java
INFO: Data base accessed and sent response to proxy
abr. 24, 2020 6:00:27 P. M. AdministrationServer.java
INFO: SERVER START
abr. 24, 2020 6:00:29 P. M. AdministrationServer.java
INFO: SERVER RUN
abr. 24, 2020 6:00:29 P. M. AdministrationServer.java
INFO: SERVER RUN
abr. 24, 2020 6:04:14 P. M. AdministrationServer.java
INFO: Data base accessed and sent response to proxy
abr. 24, 2020 6:05:18 P. M. AdministrationServer.java
INFO: Data base accessed and sent response to proxy
abr. 24, 2020 6:05:58 P. M. AdministrationServer.java
INFO: Data base accessed and sent response to proxy
abr. 24, 2020 6:06:39 P. M. AdministrationServer.java
INFO: Data base accessed and sent response to proxy
abr. 24, 2020 6:07:26 P. M. AdministrationServer.java
INFO: Received and decrypted license plate
abr. 24, 2020 6:07:26 P. M. AdministrationServer.java
INFO: Data base accessed and sent response to proxy
abr. 24, 2020 6:08:27 P. M. AdministrationServer.java
INFO: Received and decrypted license plate
abr. 24, 2020 6:08:27 P. M. AdministrationServer.java
INFO: Data base accessed and sent response to proxy
abr. 25, 2020 5:18:47 P. M. AdministrationServer.java
INFO: SERVER START
abr. 25, 2020 5:18:49 P. M. AdministrationServer.java
INFO: SERVER RUN
abr. 25, 2020 5:18:49 P. M. AdministrationServer.java
INFO: SERVER RUN
abr. 25, 2020 5:19:40 P. M. AdministrationServer.java
INFO: Command sent to proxy response
abr. 25, 2020 5:19:40 P. M. AdministrationServer.java
INFO: Is not resident
abr. 25, 2020 5:19:40 P. M. AdministrationServer.java
INFO: Data base accessed and sent response to proxy response
abr. 25, 2020 6:22:53 P. M. AdministrationServer.java
INFO: SERVER START
abr. 25, 2020 6:22:56 P. M. AdministrationServer.java
INFO: SERVER RUN
abr. 25, 2020 6:22:56 P. M. AdministrationServer.java
INFO: SERVER RUN
abr. 25, 2020 6:23:17 P. M. AdministrationServer.java
INFO: SERVER START
abr. 25, 2020 6:23:19 P. M. AdministrationServer.java
INFO: SERVER RUN
abr. 25, 2020 6:23:19 P. M. AdministrationServer.java
INFO: SERVER RUN
abr. 25, 2020 6:43:10 P. M. AdministrationServer.java
INFO: SERVER START
abr. 25, 2020 6:43:12 P. M. AdministrationServer.java
INFO: SERVER RUN
abr. 25, 2020 6:43:12 P. M. AdministrationServer.java
INFO: SERVER RUN
ene. 01, 1970 1:00:00 A. M. AdministrationServer.java
INFO: SERVER START
ene. 01, 1970 1:00:00 A. M. AdministrationServer.java
INFO: SERVER RUN
ene. 01, 1970 1:00:00 A. M. AdministrationServer.java
INFO: SERVER RUN
abr. 25, 2020 6:53:09 P. M. AdministrationServer.java
INFO: SERVER START
abr. 25, 2020 6:53:10 P. M. AdministrationServer.java
INFO: SERVER RUN
abr. 25, 2020 6:53:10 P. M. AdministrationServer.java
INFO: SERVER RUN
abr. 25, 2020 7:02:39 P. M. AdministrationServer.java
INFO: SERVER START
abr. 25, 2020 7:02:41 P. M. AdministrationServer.java
INFO: SERVER RUN
abr. 25, 2020 7:02:41 P. M. AdministrationServer.java
INFO: SERVER RUN
abr. 25, 2020 7:03:50 P. M. AdministrationServer.java
INFO: Command sent to proxy response
abr. 25, 2020 7:03:50 P. M. AdministrationServer.java
INFO: Is not resident
abr. 25, 2020 7:03:50 P. M. AdministrationServer.java
INFO: Data base accessed and sent response to proxy response
abr. 25, 2020 7:13:01 P. M. AdministrationServer.java
INFO: SERVER START
abr. 25, 2020 7:13:04 P. M. AdministrationServer.java
INFO: SERVER RUN
abr. 25, 2020 7:13:04 P. M. AdministrationServer.java
INFO: SERVER RUN
abr. 25, 2020 7:14:25 P. M. AdministrationServer.java
INFO: Command sent to proxy response
abr. 25, 2020 7:14:25 P. M. AdministrationServer.java
INFO: Is not resident
abr. 25, 2020 7:14:25 P. M. AdministrationServer.java
INFO: Data base accessed and sent response to proxy response
abr. 25, 2020 7:16:04 P. M. AdministrationServer.java
INFO: Command sent to proxy response
abr. 25, 2020 7:16:04 P. M. AdministrationServer.java
INFO: Is not resident
abr. 25, 2020 7:16:04 P. M. AdministrationServer.java
INFO: Data base accessed and sent response to proxy response
abr. 25, 2020 7:23:29 P. M. AdministrationServer.java
INFO: SERVER START
abr. 25, 2020 7:23:32 P. M. AdministrationServer.java
INFO: SERVER RUN
abr. 25, 2020 7:23:32 P. M. AdministrationServer.java
INFO: SERVER RUN
abr. 25, 2020 7:30:44 P. M. AdministrationServer.java
INFO: SERVER START
abr. 25, 2020 7:30:47 P. M. AdministrationServer.java
INFO: SERVER RUN
abr. 25, 2020 7:30:47 P. M. AdministrationServer.java
INFO: SERVER RUN
abr. 25, 2020 7:32:57 P. M. AdministrationServer.java
INFO: SERVER START
abr. 25, 2020 7:32:58 P. M. AdministrationServer.java
INFO: SERVER RUN
abr. 25, 2020 7:32:58 P. M. AdministrationServer.java
INFO: SERVER RUN
abr. 25, 2020 7:34:03 P. M. AdministrationServer.java
INFO: Command sent to proxy response
abr. 25, 2020 7:34:03 P. M. AdministrationServer.java
INFO: Is not resident
abr. 25, 2020 7:34:03 P. M. AdministrationServer.java
INFO: Data base accessed and sent response to proxy response
abr. 25, 2020 7:34:52 P. M. AdministrationServer.java
INFO: Command sent to proxy response
abr. 25, 2020 7:34:52 P. M. AdministrationServer.java
INFO: Is not resident
abr. 25, 2020 7:34:52 P. M. AdministrationServer.java
INFO: Data base accessed and sent response to proxy response
abr. 25, 2020 7:57:52 P. M. AdministrationServer.java
INFO: SERVER START
abr. 25, 2020 7:57:54 P. M. AdministrationServer.java
INFO: SERVER RUN
abr. 25, 2020 7:57:54 P. M. AdministrationServer.java
INFO: SERVER RUN
abr. 25, 2020 8:11:53 P. M. AdministrationServer.java
INFO: SERVER START
abr. 25, 2020 8:11:56 P. M. AdministrationServer.java
INFO: SERVER RUN
abr. 25, 2020 8:11:56 P. M. AdministrationServer.java
INFO: SERVER RUN
abr. 25, 2020 8:20:43 P. M. AdministrationServer.java
INFO: SERVER START
abr. 25, 2020 8:20:46 P. M. AdministrationServer.java
INFO: SERVER RUN
abr. 25, 2020 8:20:46 P. M. AdministrationServer.java
INFO: SERVER RUN
abr. 25, 2020 8:26:35 P. M. AdministrationServer.java
INFO: SERVER START
abr. 25, 2020 8:26:37 P. M. AdministrationServer.java
INFO: SERVER RUN
abr. 25, 2020 8:26:37 P. M. AdministrationServer.java
INFO: SERVER RUN
abr. 25, 2020 8:30:01 P. M. AdministrationServer.java
INFO: SERVER START
abr. 25, 2020 8:30:05 P. M. AdministrationServer.java
INFO: SERVER RUN
abr. 25, 2020 8:30:05 P. M. AdministrationServer.java
INFO: SERVER RUN
abr. 25, 2020 8:43:59 P. M. AdministrationServer.java
INFO: SERVER START
abr. 25, 2020 8:44:02 P. M. AdministrationServer.java
INFO: SERVER RUN
abr. 25, 2020 8:44:02 P. M. AdministrationServer.java
INFO: SERVER RUN
abr. 25, 2020 8:45:17 P. M. AdministrationServer.java
INFO: Command sent to proxy response
abr. 25, 2020 8:45:17 P. M. AdministrationServer.java
INFO: Is not resident
abr. 25, 2020 8:45:17 P. M. AdministrationServer.java
INFO: Data base accessed and sent response to proxy response
abr. 25, 2020 8:46:54 P. M. AdministrationServer.java
INFO: Command sent to proxy response
abr. 25, 2020 8:46:54 P. M. AdministrationServer.java
INFO: Is not resident
abr. 25, 2020 8:46:54 P. M. AdministrationServer.java
INFO: Data base accessed and sent response to proxy response
abr. 25, 2020 8:50:10 P. M. AdministrationServer.java
INFO: Command sent to proxy response
abr. 25, 2020 8:50:10 P. M. AdministrationServer.java
INFO: Is not resident
abr. 25, 2020 8:50:10 P. M. AdministrationServer.java
INFO: Data base accessed and sent response to proxy response
abr. 25, 2020 8:52:54 P. M. AdministrationServer.java
INFO: SERVER START
abr. 25, 2020 8:52:56 P. M. AdministrationServer.java
INFO: SERVER RUN
abr. 25, 2020 8:52:56 P. M. AdministrationServer.java
INFO: SERVER RUN
abr. 25, 2020 8:54:00 P. M. AdministrationServer.java
INFO: Command sent to proxy response
abr. 25, 2020 8:54:00 P. M. AdministrationServer.java
INFO: Is not resident
abr. 25, 2020 8:54:00 P. M. AdministrationServer.java
INFO: Data base accessed and sent response to proxy response
abr. 25, 2020 8:54:49 P. M. AdministrationServer.java
INFO: Command sent to proxy response
abr. 25, 2020 8:54:49 P. M. AdministrationServer.java
INFO: Is not resident
abr. 25, 2020 8:54:49 P. M. AdministrationServer.java
INFO: Data base accessed and sent response to proxy response
abr. 25, 2020 8:59:46 P. M. AdministrationServer.java
INFO: SERVER START
abr. 25, 2020 8:59:48 P. M. AdministrationServer.java
INFO: SERVER RUN
abr. 25, 2020 8:59:48 P. M. AdministrationServer.java
INFO: SERVER RUN
ene. 01, 1970 1:00:00 A. M. AdministrationServer.java
INFO: SERVER START
ene. 01, 1970 1:00:00 A. M. AdministrationServer.java
INFO: SERVER RUN
ene. 01, 1970 1:00:00 A. M. AdministrationServer.java
INFO: SERVER RUN
abr. 25, 2020 9:08:47 P. M. AdministrationServer.java
INFO: SERVER START
abr. 25, 2020 9:08:49 P. M. AdministrationServer.java
INFO: SERVER RUN
abr. 25, 2020 9:08:49 P. M. AdministrationServer.java
INFO: SERVER RUN
abr. 25, 2020 9:10:21 P. M. AdministrationServer.java
INFO: SERVER START
abr. 25, 2020 9:10:25 P. M. AdministrationServer.java
INFO: SERVER RUN
abr. 25, 2020 9:10:25 P. M. AdministrationServer.java
INFO: SERVER RUN
abr. 25, 2020 9:27:22 P. M. AdministrationServer.java
INFO: SERVER START
abr. 25, 2020 9:27:24 P. M. AdministrationServer.java
INFO: SERVER RUN
abr. 25, 2020 9:27:24 P. M. AdministrationServer.java
INFO: SERVER RUN
abr. 25, 2020 9:28:43 P. M. AdministrationServer.java
INFO: SERVER START
abr. 25, 2020 9:28:47 P. M. AdministrationServer.java
INFO: SERVER RUN
abr. 25, 2020 9:28:47 P. M. AdministrationServer.java
INFO: SERVER RUN
abr. 25, 2020 9:29:50 P. M. AdministrationServer.java
INFO: Command sent to proxy response
abr. 25, 2020 9:29:50 P. M. AdministrationServer.java
INFO: Is not resident
abr. 25, 2020 9:29:50 P. M. AdministrationServer.java
INFO: Data base accessed and sent response to proxy response
abr. 25, 2020 9:31:18 P. M. AdministrationServer.java
INFO: SERVER START
abr. 25, 2020 9:31:20 P. M. AdministrationServer.java
INFO: SERVER RUN
abr. 25, 2020 9:31:20 P. M. AdministrationServer.java
INFO: SERVER RUN
abr. 25, 2020 9:32:24 P. M. AdministrationServer.java
INFO: Command sent to proxy response
abr. 25, 2020 9:32:24 P. M. AdministrationServer.java
INFO: Is not resident
abr. 25, 2020 9:32:24 P. M. AdministrationServer.java
INFO: Data base accessed and sent response to proxy response
abr. 25, 2020 9:33:34 P. M. AdministrationServer.java
INFO: SERVER START
abr. 25, 2020 9:33:37 P. M. AdministrationServer.java
INFO: SERVER RUN
abr. 25, 2020 9:33:37 P. M. AdministrationServer.java
INFO: SERVER RUN
abr. 25, 2020 9:34:40 P. M. AdministrationServer.java
INFO: Command sent to proxy response
abr. 25, 2020 9:34:40 P. M. AdministrationServer.java
INFO: Is not resident
abr. 25, 2020 9:34:40 P. M. AdministrationServer.java
INFO: Data base accessed and sent response to proxy response
