abr. 25, 2020 8:52:56 P. M. oldCentralServer.java
INFO: CameraRing thread started
abr. 25, 2020 8:53:52 P. M. oldCentralServer.java
INFO: Message recieved
abr. 25, 2020 8:53:55 P. M. oldCentralServer.java
INFO: Data sent to PROXYREQUEST
abr. 25, 2020 8:54:05 P. M. oldCentralServer.java
INFO: SERVER RUN
abr. 25, 2020 8:54:06 P. M. oldCentralServer.java
INFO: Received data from ProxyResponse
abr. 25, 2020 8:54:06 P. M. oldCentralServer.java
INFO: Is not resident
abr. 25, 2020 8:54:06 P. M. oldCentralServer.java
INFO: Added info to database
abr. 25, 2020 8:54:41 P. M. oldCentralServer.java
INFO: Message recieved
abr. 25, 2020 8:54:44 P. M. oldCentralServer.java
INFO: Data sent to PROXYREQUEST
abr. 25, 2020 8:54:54 P. M. oldCentralServer.java
INFO: SERVER RUN
abr. 25, 2020 8:54:55 P. M. oldCentralServer.java
INFO: Received data from ProxyResponse
abr. 25, 2020 8:54:55 P. M. oldCentralServer.java
INFO: Is not resident
abr. 25, 2020 8:54:55 P. M. oldCentralServer.java
INFO: Added info to database
abr. 25, 2020 8:55:30 P. M. oldCentralServer.java
INFO: Message recieved
abr. 25, 2020 8:56:19 P. M. oldCentralServer.java
INFO: Message recieved
abr. 25, 2020 8:57:07 P. M. oldCentralServer.java
INFO: Message recieved
abr. 25, 2020 8:57:55 P. M. oldCentralServer.java
INFO: Message recieved
abr. 25, 2020 8:58:44 P. M. oldCentralServer.java
INFO: Message recieved
ene. 01, 1970 1:00:00 A. M. oldCentralServer.java
INFO: CameraRing thread started
abr. 25, 2020 8:59:47 P. M. oldCentralServer.java
INFO: CameraRing thread started
abr. 25, 2020 9:00:46 P. M. oldCentralServer.java
INFO: Message recieved
abr. 25, 2020 9:01:34 P. M. oldCentralServer.java
INFO: Message recieved
abr. 25, 2020 9:02:24 P. M. oldCentralServer.java
INFO: Message recieved
abr. 25, 2020 9:03:12 P. M. oldCentralServer.java
INFO: Message recieved
abr. 25, 2020 9:04:01 P. M. oldCentralServer.java
INFO: Message recieved
abr. 25, 2020 9:04:50 P. M. oldCentralServer.java
INFO: Message recieved
ene. 01, 1970 1:00:00 A. M. oldCentralServer.java
INFO: CameraRing thread started
abr. 25, 2020 9:08:49 P. M. oldCentralServer.java
INFO: CameraRing thread started
abr. 25, 2020 9:10:25 P. M. oldCentralServer.java
INFO: CameraRing thread started
abr. 25, 2020 9:11:21 P. M. oldCentralServer.java
INFO: Message recieved
abr. 25, 2020 9:12:09 P. M. oldCentralServer.java
INFO: Message recieved
abr. 25, 2020 9:12:58 P. M. oldCentralServer.java
INFO: Message recieved
abr. 25, 2020 9:13:47 P. M. oldCentralServer.java
INFO: Message recieved
abr. 25, 2020 9:14:35 P. M. oldCentralServer.java
INFO: Message recieved
abr. 25, 2020 9:27:24 P. M. oldCentralServer.java
INFO: CameraRing thread started
abr. 25, 2020 9:28:47 P. M. oldCentralServer.java
INFO: CameraRing thread started
abr. 25, 2020 9:29:41 P. M. oldCentralServer.java
INFO: Message recieved
abr. 25, 2020 9:29:46 P. M. oldCentralServer.java
INFO: Data sent to PROXYREQUEST
abr. 25, 2020 9:29:54 P. M. oldCentralServer.java
INFO: SERVER RUN
abr. 25, 2020 9:29:56 P. M. oldCentralServer.java
INFO: Received data from ProxyResponse
abr. 25, 2020 9:29:56 P. M. oldCentralServer.java
INFO: Is not resident
abr. 25, 2020 9:29:56 P. M. oldCentralServer.java
INFO: Added info to database
abr. 25, 2020 9:30:30 P. M. oldCentralServer.java
INFO: Message recieved
abr. 25, 2020 9:31:21 P. M. oldCentralServer.java
INFO: CameraRing thread started
abr. 25, 2020 9:32:15 P. M. oldCentralServer.java
INFO: Message recieved
abr. 25, 2020 9:32:20 P. M. oldCentralServer.java
INFO: Data sent to PROXYREQUEST
abr. 25, 2020 9:32:28 P. M. oldCentralServer.java
INFO: SERVER RUN
abr. 25, 2020 9:32:31 P. M. oldCentralServer.java
INFO: Received data from ProxyResponse
abr. 25, 2020 9:32:31 P. M. oldCentralServer.java
INFO: Is not resident
abr. 25, 2020 9:32:31 P. M. oldCentralServer.java
INFO: Added info to database
abr. 25, 2020 9:33:37 P. M. oldCentralServer.java
INFO: CameraRing thread started
abr. 25, 2020 9:34:31 P. M. oldCentralServer.java
INFO: Message recieved
abr. 25, 2020 9:34:35 P. M. oldCentralServer.java
INFO: Data sent to PROXYREQUEST
abr. 25, 2020 9:34:44 P. M. oldCentralServer.java
INFO: SERVER RUN
abr. 25, 2020 9:34:46 P. M. oldCentralServer.java
INFO: Received data from ProxyResponse
abr. 25, 2020 9:34:46 P. M. oldCentralServer.java
INFO: Is not resident
abr. 25, 2020 9:34:46 P. M. oldCentralServer.java
INFO: Added info to database
abr. 25, 2020 9:35:21 P. M. oldCentralServer.java
INFO: Message recieved
