abr. 25, 2020 12:20:11 P. M. Node.java
INFO: Right thread started
abr. 25, 2020 12:20:11 P. M. Node.java
INFO: Left thread started
abr. 25, 2020 12:20:11 P. M. Node.java
INFO: Client Corba started
abr. 25, 2020 12:20:13 P. M. Node.java
INFO: First message sent
abr. 25, 2020 12:20:13 P. M. Node.java
INFO: Listening IN folder
abr. 25, 2020 12:20:43 P. M. Node.java
INFO: Message received
abr. 25, 2020 12:20:48 P. M. Node.java
INFO: Message updated
abr. 25, 2020 12:20:52 P. M. Node.java
INFO: Message sent to server
abr. 25, 2020 12:20:56 P. M. Node.java
INFO: Message cleared
abr. 25, 2020 12:20:59 P. M. Node.java
INFO: Matriculas.txt content deleted
abr. 25, 2020 12:21:01 P. M. Node.java
INFO: Message sent to next node
abr. 25, 2020 12:21:32 P. M. Node.java
INFO: Message received
abr. 25, 2020 12:21:36 P. M. Node.java
INFO: Message updated
abr. 25, 2020 12:21:41 P. M. Node.java
INFO: Message sent to server
abr. 25, 2020 12:21:45 P. M. Node.java
INFO: Message cleared
abr. 25, 2020 12:21:47 P. M. Node.java
INFO: Matriculas.txt content deleted
abr. 25, 2020 12:21:50 P. M. Node.java
INFO: Message sent to next node
abr. 25, 2020 12:22:20 P. M. Node.java
INFO: Message received
abr. 25, 2020 12:22:26 P. M. Node.java
INFO: Message updated
abr. 25, 2020 12:22:28 P. M. Node.java
INFO: Message sent to server
abr. 25, 2020 12:22:34 P. M. Node.java
INFO: Message cleared
abr. 25, 2020 12:22:38 P. M. Node.java
INFO: Matriculas.txt content deleted
abr. 25, 2020 12:22:39 P. M. Node.java
INFO: Message sent to next node
abr. 25, 2020 12:22:57 P. M. Node.java
INFO: Sending license plate to CorbaServer
abr. 25, 2020 12:23:02 P. M. Node.java
INFO: IN: 3456 CXT matricula4.jpg TIME: 1587810182828
abr. 25, 2020 12:23:10 P. M. Node.java
INFO: Message received
abr. 25, 2020 12:23:13 P. M. Node.java
INFO: Message updated
abr. 25, 2020 12:23:17 P. M. Node.java
INFO: Message sent to server
abr. 25, 2020 12:23:22 P. M. Node.java
INFO: Message cleared
abr. 25, 2020 12:23:25 P. M. Node.java
INFO: Matriculas.txt content deleted
abr. 25, 2020 12:23:28 P. M. Node.java
INFO: Message sent to next node
abr. 25, 2020 12:23:59 P. M. Node.java
INFO: Message received
abr. 25, 2020 12:24:02 P. M. Node.java
INFO: Message updated
abr. 25, 2020 12:24:06 P. M. Node.java
INFO: Message sent to server
abr. 25, 2020 12:24:10 P. M. Node.java
INFO: Message cleared
abr. 25, 2020 12:24:14 P. M. Node.java
INFO: Matriculas.txt content deleted
abr. 25, 2020 12:24:18 P. M. Node.java
INFO: Node fallen
abr. 25, 2020 12:24:20 P. M. Node.java
INFO: FallingConfiguration sent to next node
abr. 25, 2020 12:24:34 P. M. Node.java
INFO: FallConfiguration received
abr. 25, 2020 12:24:38 P. M. Node.java
INFO: Message sent to next node
abr. 25, 2020 12:24:39 P. M. Node.java
INFO: Final node configurated
abr. 25, 2020 12:24:42 P. M. Node.java
INFO: Left thread started
abr. 25, 2020 12:24:58 P. M. Node.java
INFO: Message received
abr. 25, 2020 12:25:02 P. M. Node.java
INFO: Message updated
abr. 25, 2020 12:25:07 P. M. Node.java
INFO: Message sent to server
abr. 25, 2020 12:25:11 P. M. Node.java
INFO: Message cleared
abr. 25, 2020 12:25:15 P. M. Node.java
INFO: Matriculas.txt content deleted
abr. 25, 2020 12:25:17 P. M. Node.java
INFO: Message sent to next node
abr. 25, 2020 12:26:12 P. M. Node.java
INFO: Right thread started
abr. 25, 2020 12:26:12 P. M. Node.java
INFO: Left thread started
abr. 25, 2020 12:26:12 P. M. Node.java
INFO: Client Corba started
abr. 25, 2020 12:26:15 P. M. Node.java
INFO: First message sent
abr. 25, 2020 12:26:15 P. M. Node.java
INFO: Listening IN folder
abr. 25, 2020 12:35:05 P. M. Node.java
INFO: Left thread started
abr. 25, 2020 12:35:05 P. M. Node.java
INFO: Right thread started
abr. 25, 2020 12:35:05 P. M. Node.java
INFO: Client Corba started
abr. 25, 2020 12:35:06 P. M. Node.java
INFO: First message sent
abr. 25, 2020 12:35:06 P. M. Node.java
INFO: Listening IN folder
abr. 25, 2020 12:35:13 P. M. Node.java
INFO: Sending license plate to CorbaServer
abr. 25, 2020 12:35:18 P. M. Node.java
INFO: IN: AB 7354 B matricula1.jpg TIME: 1587810918746
abr. 25, 2020 12:35:37 P. M. Node.java
INFO: Message received
abr. 25, 2020 12:35:42 P. M. Node.java
INFO: Message updated
abr. 25, 2020 12:35:46 P. M. Node.java
INFO: Message sent to server
abr. 25, 2020 12:35:50 P. M. Node.java
INFO: Message cleared
abr. 25, 2020 12:35:53 P. M. Node.java
INFO: Matriculas.txt content deleted
abr. 25, 2020 12:35:55 P. M. Node.java
INFO: Message sent to next node
abr. 25, 2020 12:36:26 P. M. Node.java
INFO: Message received
abr. 25, 2020 12:36:29 P. M. Node.java
INFO: Message updated
abr. 25, 2020 12:36:34 P. M. Node.java
INFO: Message sent to server
abr. 25, 2020 12:36:39 P. M. Node.java
INFO: Message cleared
abr. 25, 2020 12:36:42 P. M. Node.java
INFO: Matriculas.txt content deleted
abr. 25, 2020 12:36:45 P. M. Node.java
INFO: Message sent to next node
ene. 01, 1970 1:00:00 A. M. Node.java
INFO: Left thread started
ene. 01, 1970 1:00:00 A. M. Node.java
INFO: Client Corba started
ene. 01, 1970 1:00:00 A. M. Node.java
INFO: Right thread started
ene. 01, 1970 1:00:00 A. M. Node.java
INFO: Listening IN folder
ene. 01, 1970 1:00:00 A. M. Node.java
INFO: First message sent
abr. 25, 2020 12:38:07 P. M. Node.java
INFO: Left thread started
abr. 25, 2020 12:38:07 P. M. Node.java
INFO: Right thread started
abr. 25, 2020 12:38:07 P. M. Node.java
INFO: Client Corba started
abr. 25, 2020 12:38:08 P. M. Node.java
INFO: First message sent
abr. 25, 2020 12:38:08 P. M. Node.java
INFO: Listening IN folder
abr. 25, 2020 12:38:21 P. M. Node.java
INFO: Sending license plate to CorbaServer
abr. 25, 2020 12:38:26 P. M. Node.java
INFO: IN: 1111 AAA matricula2.jpg TIME: 1587811106357
abr. 25, 2020 12:38:39 P. M. Node.java
INFO: Message received
abr. 25, 2020 12:41:08 P. M. Node.java
INFO: Left thread started
abr. 25, 2020 12:41:08 P. M. Node.java
INFO: Right thread started
abr. 25, 2020 12:41:08 P. M. Node.java
INFO: Client Corba started
abr. 25, 2020 12:41:10 P. M. Node.java
INFO: First message sent
abr. 25, 2020 12:41:10 P. M. Node.java
INFO: Listening IN folder
abr. 25, 2020 12:41:24 P. M. Node.java
INFO: Sending license plate to CorbaServer
abr. 25, 2020 12:41:30 P. M. Node.java
INFO: IN: 1111 AAA matricula1.jpg TIME: 1587811290449
abr. 25, 2020 12:41:40 P. M. Node.java
INFO: Message received
abr. 25, 2020 12:42:29 P. M. Node.java
INFO: Right thread started
abr. 25, 2020 12:42:29 P. M. Node.java
INFO: Left thread started
abr. 25, 2020 12:42:29 P. M. Node.java
INFO: Client Corba started
abr. 25, 2020 12:42:32 P. M. Node.java
INFO: First message sent
abr. 25, 2020 12:42:32 P. M. Node.java
INFO: Listening IN folder
abr. 25, 2020 12:42:46 P. M. Node.java
INFO: Sending license plate to CorbaServer
abr. 25, 2020 12:42:51 P. M. Node.java
INFO: IN: 1111 AAA matricula1.jpg TIME: 1587811371787
abr. 25, 2020 12:43:02 P. M. Node.java
INFO: Message received
abr. 25, 2020 12:43:06 P. M. Node.java
INFO: Message updated
abr. 25, 2020 12:43:10 P. M. Node.java
INFO: Message sent to server
abr. 25, 2020 12:43:13 P. M. Node.java
INFO: Message cleared
abr. 25, 2020 12:43:18 P. M. Node.java
INFO: Matriculas.txt content deleted
abr. 25, 2020 12:43:20 P. M. Node.java
INFO: Message sent to next node
abr. 25, 2020 6:39:09 P. M. Node.java
INFO: Right thread started
abr. 25, 2020 6:39:09 P. M. Node.java
INFO: Left thread started
abr. 25, 2020 6:39:09 P. M. Node.java
INFO: Client Corba started
abr. 25, 2020 6:39:12 P. M. Node.java
INFO: First message sent
abr. 25, 2020 6:39:12 P. M. Node.java
INFO: Listening IN folder
abr. 25, 2020 6:39:43 P. M. Node.java
INFO: Message received
abr. 25, 2020 6:39:47 P. M. Node.java
INFO: Message updated
abr. 25, 2020 6:39:51 P. M. Node.java
INFO: Message sent to server
abr. 25, 2020 6:39:56 P. M. Node.java
INFO: Message cleared
abr. 25, 2020 6:39:59 P. M. Node.java
INFO: Matriculas.txt content deleted
abr. 25, 2020 6:40:01 P. M. Node.java
INFO: Message sent to next node
abr. 25, 2020 6:40:23 P. M. Node.java
INFO: Sending license plate to CorbaServer
abr. 25, 2020 6:40:29 P. M. Node.java
INFO: IN: 1111 AAA matricula1.jpg TIME: 1587832829835
abr. 25, 2020 6:40:32 P. M. Node.java
INFO: Message received
abr. 25, 2020 6:40:35 P. M. Node.java
INFO: Message updated
abr. 25, 2020 6:40:39 P. M. Node.java
INFO: Message sent to server
abr. 25, 2020 6:40:44 P. M. Node.java
INFO: Message cleared
abr. 25, 2020 6:40:48 P. M. Node.java
INFO: Matriculas.txt content deleted
abr. 25, 2020 6:40:50 P. M. Node.java
INFO: Message sent to next node
abr. 25, 2020 6:41:21 P. M. Node.java
INFO: Message received
abr. 25, 2020 6:41:24 P. M. Node.java
INFO: Message updated
abr. 25, 2020 6:41:28 P. M. Node.java
INFO: Message sent to server
abr. 25, 2020 6:41:33 P. M. Node.java
INFO: Message cleared
abr. 25, 2020 6:41:36 P. M. Node.java
INFO: Matriculas.txt content deleted
abr. 25, 2020 6:41:38 P. M. Node.java
INFO: Message sent to next node
abr. 25, 2020 6:43:31 P. M. Node.java
INFO: Left thread started
abr. 25, 2020 6:43:31 P. M. Node.java
INFO: Right thread started
abr. 25, 2020 6:43:31 P. M. Node.java
INFO: Client Corba started
abr. 25, 2020 6:43:33 P. M. Node.java
INFO: First message sent
abr. 25, 2020 6:43:33 P. M. Node.java
INFO: Listening IN folder
abr. 25, 2020 6:43:58 P. M. Node.java
INFO: Sending license plate to CorbaServer
abr. 25, 2020 6:44:04 P. M. Node.java
INFO: Message received
abr. 25, 2020 6:44:04 P. M. Node.java
INFO: IN: 3547 NXB matricula2.jpg TIME: 1587833044003
abr. 25, 2020 6:44:07 P. M. Node.java
INFO: Message updated
abr. 25, 2020 6:44:12 P. M. Node.java
INFO: Message sent to server
abr. 25, 2020 6:44:16 P. M. Node.java
INFO: Message cleared
abr. 25, 2020 6:44:19 P. M. Node.java
INFO: Matriculas.txt content deleted
abr. 25, 2020 6:44:22 P. M. Node.java
INFO: Message sent to next node
abr. 25, 2020 6:44:51 P. M. Node.java
INFO: Message received
abr. 25, 2020 6:44:56 P. M. Node.java
INFO: Message updated
abr. 25, 2020 6:45:00 P. M. Node.java
INFO: Message sent to server
abr. 25, 2020 6:45:05 P. M. Node.java
INFO: Message cleared
abr. 25, 2020 6:45:09 P. M. Node.java
INFO: Matriculas.txt content deleted
abr. 25, 2020 6:45:11 P. M. Node.java
INFO: Message sent to next node
abr. 25, 2020 6:45:42 P. M. Node.java
INFO: Message received
abr. 25, 2020 6:45:45 P. M. Node.java
INFO: Message updated
abr. 25, 2020 6:45:50 P. M. Node.java
INFO: Message sent to server
abr. 25, 2020 6:45:54 P. M. Node.java
INFO: Message cleared
abr. 25, 2020 6:45:56 P. M. Node.java
INFO: Matriculas.txt content deleted
abr. 25, 2020 6:46:00 P. M. Node.java
INFO: Message sent to next node
abr. 25, 2020 6:46:30 P. M. Node.java
INFO: Message received
abr. 25, 2020 6:46:34 P. M. Node.java
INFO: Message updated
abr. 25, 2020 6:46:38 P. M. Node.java
INFO: Message sent to server
abr. 25, 2020 6:46:42 P. M. Node.java
INFO: Message cleared
abr. 25, 2020 6:46:45 P. M. Node.java
INFO: Matriculas.txt content deleted
abr. 25, 2020 6:46:48 P. M. Node.java
INFO: Message sent to next node
abr. 25, 2020 6:47:19 P. M. Node.java
INFO: Message received
abr. 25, 2020 6:47:22 P. M. Node.java
INFO: Message updated
abr. 25, 2020 6:47:26 P. M. Node.java
INFO: Message sent to server
abr. 25, 2020 6:47:30 P. M. Node.java
INFO: Message cleared
abr. 25, 2020 6:47:34 P. M. Node.java
INFO: Matriculas.txt content deleted
abr. 25, 2020 6:47:37 P. M. Node.java
INFO: Message sent to next node
abr. 25, 2020 6:48:07 P. M. Node.java
INFO: Message received
abr. 25, 2020 6:48:11 P. M. Node.java
INFO: Message updated
abr. 25, 2020 6:48:14 P. M. Node.java
INFO: Message sent to server
abr. 25, 2020 6:48:18 P. M. Node.java
INFO: Message cleared
abr. 25, 2020 6:48:23 P. M. Node.java
INFO: Matriculas.txt content deleted
abr. 25, 2020 6:48:25 P. M. Node.java
INFO: Message sent to next node
abr. 25, 2020 6:48:55 P. M. Node.java
INFO: Message received
abr. 25, 2020 6:49:00 P. M. Node.java
INFO: Message updated
abr. 25, 2020 6:49:02 P. M. Node.java
INFO: Message sent to server
abr. 25, 2020 6:49:07 P. M. Node.java
INFO: Message cleared
abr. 25, 2020 6:49:11 P. M. Node.java
INFO: Matriculas.txt content deleted
abr. 25, 2020 6:49:13 P. M. Node.java
INFO: Message sent to next node
abr. 25, 2020 6:49:44 P. M. Node.java
INFO: Message received
abr. 25, 2020 6:49:48 P. M. Node.java
INFO: Message updated
abr. 25, 2020 6:49:51 P. M. Node.java
INFO: Message sent to server
abr. 25, 2020 6:49:55 P. M. Node.java
INFO: Message cleared
abr. 25, 2020 6:50:00 P. M. Node.java
INFO: Matriculas.txt content deleted
abr. 25, 2020 6:50:03 P. M. Node.java
INFO: Message sent to next node
abr. 25, 2020 6:51:39 P. M. Node.java
INFO: Left thread started
abr. 25, 2020 6:51:39 P. M. Node.java
INFO: Right thread started
abr. 25, 2020 6:51:39 P. M. Node.java
INFO: Client Corba started
abr. 25, 2020 6:51:43 P. M. Node.java
INFO: First message sent
abr. 25, 2020 6:51:43 P. M. Node.java
INFO: Listening IN folder
abr. 25, 2020 6:51:48 P. M. Node.java
INFO: Sending license plate to CorbaServer
abr. 25, 2020 6:51:53 P. M. Node.java
INFO: IN: 3456 CXT matricula3.jpg TIME: 1587833513827
abr. 25, 2020 6:52:14 P. M. Node.java
INFO: Message received
abr. 25, 2020 6:52:17 P. M. Node.java
INFO: Message updated
abr. 25, 2020 6:53:35 P. M. Node.java
INFO: Left thread started
abr. 25, 2020 6:53:35 P. M. Node.java
INFO: Right thread started
abr. 25, 2020 6:53:35 P. M. Node.java
INFO: Client Corba started
abr. 25, 2020 6:53:37 P. M. Node.java
INFO: First message sent
abr. 25, 2020 6:53:37 P. M. Node.java
INFO: Listening IN folder
abr. 25, 2020 6:53:42 P. M. Node.java
INFO: Sending license plate to CorbaServer
abr. 25, 2020 6:53:47 P. M. Node.java
INFO: IN: 3456 CXT matricula3.jpg TIME: 1587833627318
abr. 25, 2020 6:54:07 P. M. Node.java
INFO: Message received
abr. 25, 2020 6:54:12 P. M. Node.java
INFO: Message updated
abr. 25, 2020 6:54:16 P. M. Node.java
INFO: Message sent to server
abr. 25, 2020 6:54:19 P. M. Node.java
INFO: Message cleared
abr. 25, 2020 6:54:24 P. M. Node.java
INFO: Matriculas.txt content deleted
abr. 25, 2020 6:54:26 P. M. Node.java
INFO: Message sent to next node
abr. 25, 2020 6:54:56 P. M. Node.java
INFO: Message received
abr. 25, 2020 6:55:00 P. M. Node.java
INFO: Message updated
abr. 25, 2020 6:55:04 P. M. Node.java
INFO: Message sent to server
abr. 25, 2020 6:55:09 P. M. Node.java
INFO: Message cleared
abr. 25, 2020 6:55:11 P. M. Node.java
INFO: Matriculas.txt content deleted
abr. 25, 2020 6:55:14 P. M. Node.java
INFO: Message sent to next node
abr. 25, 2020 6:55:44 P. M. Node.java
INFO: Message received
abr. 25, 2020 6:55:48 P. M. Node.java
INFO: Message updated
abr. 25, 2020 6:55:53 P. M. Node.java
INFO: Message sent to server
abr. 25, 2020 6:55:57 P. M. Node.java
INFO: Message cleared
abr. 25, 2020 6:56:01 P. M. Node.java
INFO: Matriculas.txt content deleted
abr. 25, 2020 6:56:03 P. M. Node.java
INFO: Message sent to next node
abr. 25, 2020 6:56:33 P. M. Node.java
INFO: Message received
abr. 25, 2020 6:56:37 P. M. Node.java
INFO: Message updated
abr. 25, 2020 6:56:41 P. M. Node.java
INFO: Message sent to server
abr. 25, 2020 6:56:44 P. M. Node.java
INFO: Message cleared
abr. 25, 2020 6:56:49 P. M. Node.java
INFO: Matriculas.txt content deleted
abr. 25, 2020 6:56:51 P. M. Node.java
INFO: Message sent to next node
abr. 25, 2020 6:57:21 P. M. Node.java
INFO: Message received
abr. 25, 2020 6:57:26 P. M. Node.java
INFO: Message updated
abr. 25, 2020 6:57:30 P. M. Node.java
INFO: Message sent to server
abr. 25, 2020 6:57:33 P. M. Node.java
INFO: Message cleared
abr. 25, 2020 6:57:37 P. M. Node.java
INFO: Matriculas.txt content deleted
abr. 25, 2020 6:57:40 P. M. Node.java
INFO: Message sent to next node
abr. 25, 2020 6:58:11 P. M. Node.java
INFO: Message received
abr. 25, 2020 6:58:15 P. M. Node.java
INFO: Message updated
abr. 25, 2020 6:58:19 P. M. Node.java
INFO: Message sent to server
abr. 25, 2020 6:58:22 P. M. Node.java
INFO: Message cleared
abr. 25, 2020 6:58:27 P. M. Node.java
INFO: Matriculas.txt content deleted
abr. 25, 2020 6:58:28 P. M. Node.java
INFO: Message sent to next node
abr. 25, 2020 7:03:00 P. M. Node.java
INFO: Left thread started
abr. 25, 2020 7:03:00 P. M. Node.java
INFO: Right thread started
abr. 25, 2020 7:03:00 P. M. Node.java
INFO: Client Corba started
abr. 25, 2020 7:03:02 P. M. Node.java
INFO: First message sent
abr. 25, 2020 7:03:02 P. M. Node.java
INFO: Listening IN folder
abr. 25, 2020 7:03:10 P. M. Node.java
INFO: Sending license plate to CorbaServer
abr. 25, 2020 7:03:15 P. M. Node.java
INFO: IN: 0000 000 matricula4.jpg TIME: 1587834195665
abr. 25, 2020 7:03:34 P. M. Node.java
INFO: Message received
abr. 25, 2020 7:03:38 P. M. Node.java
INFO: Message updated
abr. 25, 2020 7:03:41 P. M. Node.java
INFO: Message sent to server
abr. 25, 2020 7:03:45 P. M. Node.java
INFO: Message cleared
abr. 25, 2020 7:03:49 P. M. Node.java
INFO: Matriculas.txt content deleted
abr. 25, 2020 7:03:51 P. M. Node.java
INFO: Message sent to next node
abr. 25, 2020 7:04:21 P. M. Node.java
INFO: Message received
abr. 25, 2020 7:04:25 P. M. Node.java
INFO: Message updated
abr. 25, 2020 7:04:30 P. M. Node.java
INFO: Message sent to server
abr. 25, 2020 7:04:35 P. M. Node.java
INFO: Message cleared
abr. 25, 2020 7:04:37 P. M. Node.java
INFO: Matriculas.txt content deleted
abr. 25, 2020 7:04:40 P. M. Node.java
INFO: Message sent to next node
abr. 25, 2020 7:05:10 P. M. Node.java
INFO: Message received
abr. 25, 2020 7:05:13 P. M. Node.java
INFO: Message updated
abr. 25, 2020 7:05:17 P. M. Node.java
INFO: Message sent to server
abr. 25, 2020 7:05:22 P. M. Node.java
INFO: Message cleared
abr. 25, 2020 7:05:27 P. M. Node.java
INFO: Matriculas.txt content deleted
abr. 25, 2020 7:05:27 P. M. Node.java
INFO: Message sent to next node
abr. 25, 2020 7:05:58 P. M. Node.java
INFO: Message received
abr. 25, 2020 7:06:02 P. M. Node.java
INFO: Message updated
abr. 25, 2020 7:06:06 P. M. Node.java
INFO: Message sent to server
abr. 25, 2020 7:06:11 P. M. Node.java
INFO: Message cleared
abr. 25, 2020 7:06:14 P. M. Node.java
INFO: Matriculas.txt content deleted
abr. 25, 2020 7:06:17 P. M. Node.java
INFO: Message sent to next node
abr. 25, 2020 7:13:37 P. M. Node.java
INFO: Right thread started
abr. 25, 2020 7:13:37 P. M. Node.java
INFO: Left thread started
abr. 25, 2020 7:13:37 P. M. Node.java
INFO: Client Corba started
abr. 25, 2020 7:13:39 P. M. Node.java
INFO: First message sent
abr. 25, 2020 7:13:39 P. M. Node.java
INFO: Listening IN folder
abr. 25, 2020 7:13:50 P. M. Node.java
INFO: Sending license plate to CorbaServer
abr. 25, 2020 7:13:56 P. M. Node.java
INFO: IN: 3456 CXT matricula3.jpg TIME: 1587834836559
abr. 25, 2020 7:14:10 P. M. Node.java
INFO: Message received
abr. 25, 2020 7:14:14 P. M. Node.java
INFO: Message updated
abr. 25, 2020 7:14:17 P. M. Node.java
INFO: Message sent to server
abr. 25, 2020 7:14:22 P. M. Node.java
INFO: Message cleared
abr. 25, 2020 7:14:26 P. M. Node.java
INFO: Matriculas.txt content deleted
abr. 25, 2020 7:14:27 P. M. Node.java
INFO: Message sent to next node
abr. 25, 2020 7:14:58 P. M. Node.java
INFO: Message received
abr. 25, 2020 7:15:03 P. M. Node.java
INFO: Message updated
abr. 25, 2020 7:15:06 P. M. Node.java
INFO: Message sent to server
abr. 25, 2020 7:15:11 P. M. Node.java
INFO: Message cleared
abr. 25, 2020 7:15:14 P. M. Node.java
INFO: Matriculas.txt content deleted
abr. 25, 2020 7:15:16 P. M. Node.java
INFO: Message sent to next node
abr. 25, 2020 7:15:31 P. M. Node.java
INFO: Sending license plate to CorbaServer
abr. 25, 2020 7:15:38 P. M. Node.java
INFO: IN: 0000 000 matricula4.jpg TIME: 1587834938005
abr. 25, 2020 7:15:47 P. M. Node.java
INFO: Message received
abr. 25, 2020 7:15:51 P. M. Node.java
INFO: Message updated
abr. 25, 2020 7:15:55 P. M. Node.java
INFO: Message sent to server
abr. 25, 2020 7:16:00 P. M. Node.java
INFO: Message cleared
abr. 25, 2020 7:16:03 P. M. Node.java
INFO: Matriculas.txt content deleted
abr. 25, 2020 7:16:05 P. M. Node.java
INFO: Message sent to next node
abr. 25, 2020 7:16:35 P. M. Node.java
INFO: Message received
abr. 25, 2020 7:16:39 P. M. Node.java
INFO: Message updated
abr. 25, 2020 7:16:43 P. M. Node.java
INFO: Message sent to server
abr. 25, 2020 7:16:47 P. M. Node.java
INFO: Message cleared
abr. 25, 2020 7:16:53 P. M. Node.java
INFO: Matriculas.txt content deleted
abr. 25, 2020 7:16:54 P. M. Node.java
INFO: Message sent to next node
abr. 25, 2020 7:17:24 P. M. Node.java
INFO: Message received
abr. 25, 2020 7:17:29 P. M. Node.java
INFO: Message updated
abr. 25, 2020 7:17:33 P. M. Node.java
INFO: Message sent to server
abr. 25, 2020 7:17:35 P. M. Node.java
INFO: Message cleared
abr. 25, 2020 7:17:40 P. M. Node.java
INFO: Matriculas.txt content deleted
abr. 25, 2020 7:17:42 P. M. Node.java
INFO: Message sent to next node
abr. 25, 2020 7:18:12 P. M. Node.java
INFO: Message received
abr. 25, 2020 7:18:17 P. M. Node.java
INFO: Message updated
abr. 25, 2020 7:18:21 P. M. Node.java
INFO: Message sent to server
abr. 25, 2020 7:18:24 P. M. Node.java
INFO: Message cleared
abr. 25, 2020 7:18:29 P. M. Node.java
INFO: Matriculas.txt content deleted
abr. 25, 2020 7:18:30 P. M. Node.java
INFO: Message sent to next node
abr. 25, 2020 7:23:58 P. M. Node.java
INFO: Left thread started
abr. 25, 2020 7:23:58 P. M. Node.java
INFO: Client Corba started
abr. 25, 2020 7:23:58 P. M. Node.java
INFO: Right thread started
abr. 25, 2020 7:23:59 P. M. Node.java
INFO: First message sent
abr. 25, 2020 7:23:59 P. M. Node.java
INFO: Listening IN folder
abr. 25, 2020 7:24:29 P. M. Node.java
INFO: Message received
abr. 25, 2020 7:24:34 P. M. Node.java
INFO: Message updated
abr. 25, 2020 7:24:37 P. M. Node.java
INFO: Message sent to server
abr. 25, 2020 7:24:42 P. M. Node.java
INFO: Message cleared
abr. 25, 2020 7:24:46 P. M. Node.java
INFO: Matriculas.txt content deleted
abr. 25, 2020 7:24:47 P. M. Node.java
INFO: Message sent to next node
abr. 25, 2020 7:25:19 P. M. Node.java
INFO: Message received
abr. 25, 2020 7:25:22 P. M. Node.java
INFO: Message updated
abr. 25, 2020 7:25:26 P. M. Node.java
INFO: Message sent to server
abr. 25, 2020 7:25:29 P. M. Node.java
INFO: Message cleared
abr. 25, 2020 7:25:35 P. M. Node.java
INFO: Matriculas.txt content deleted
abr. 25, 2020 7:25:35 P. M. Node.java
INFO: Message sent to next node
abr. 25, 2020 7:31:07 P. M. Node.java
INFO: Left thread started
abr. 25, 2020 7:31:07 P. M. Node.java
INFO: Right thread started
abr. 25, 2020 7:31:07 P. M. Node.java
INFO: Client Corba started
abr. 25, 2020 7:31:09 P. M. Node.java
INFO: First message sent
abr. 25, 2020 7:31:09 P. M. Node.java
INFO: Listening IN folder
abr. 25, 2020 7:33:15 P. M. Node.java
INFO: Left thread started
abr. 25, 2020 7:33:15 P. M. Node.java
INFO: Right thread started
abr. 25, 2020 7:33:15 P. M. Node.java
INFO: Client Corba started
abr. 25, 2020 7:33:16 P. M. Node.java
INFO: First message sent
abr. 25, 2020 7:33:16 P. M. Node.java
INFO: Listening IN folder
abr. 25, 2020 7:33:40 P. M. Node.java
INFO: Sending license plate to CorbaServer
abr. 25, 2020 7:33:46 P. M. Node.java
INFO: IN: 3547 NXB matricula2.jpg TIME: 1587836026650
abr. 25, 2020 7:33:48 P. M. Node.java
INFO: Message received
abr. 25, 2020 7:33:52 P. M. Node.java
INFO: Message updated
abr. 25, 2020 7:33:56 P. M. Node.java
INFO: Message sent to server
abr. 25, 2020 7:34:00 P. M. Node.java
INFO: Message cleared
abr. 25, 2020 7:34:04 P. M. Node.java
INFO: Matriculas.txt content deleted
abr. 25, 2020 7:34:06 P. M. Node.java
INFO: Message sent to next node
abr. 25, 2020 7:34:23 P. M. Node.java
INFO: Sending license plate to CorbaServer
abr. 25, 2020 7:34:29 P. M. Node.java
INFO: IN: 3547 NXB matricula2.jpg TIME: 1587836069198
abr. 25, 2020 7:34:35 P. M. Node.java
INFO: Message received
abr. 25, 2020 7:34:40 P. M. Node.java
INFO: Message updated
abr. 25, 2020 7:34:45 P. M. Node.java
INFO: Message sent to server
abr. 25, 2020 7:34:48 P. M. Node.java
INFO: Message cleared
abr. 25, 2020 7:34:52 P. M. Node.java
INFO: Matriculas.txt content deleted
abr. 25, 2020 7:34:54 P. M. Node.java
INFO: Message sent to next node
abr. 25, 2020 7:35:24 P. M. Node.java
INFO: Message received
abr. 25, 2020 7:35:30 P. M. Node.java
INFO: Message updated
abr. 25, 2020 7:35:33 P. M. Node.java
INFO: Message sent to server
abr. 25, 2020 7:35:37 P. M. Node.java
INFO: Message cleared
abr. 25, 2020 7:35:40 P. M. Node.java
INFO: Matriculas.txt content deleted
abr. 25, 2020 7:35:44 P. M. Node.java
INFO: Message sent to next node
abr. 25, 2020 7:36:13 P. M. Node.java
INFO: Message received
abr. 25, 2020 7:36:16 P. M. Node.java
INFO: Message updated
abr. 25, 2020 7:36:21 P. M. Node.java
INFO: Message sent to server
abr. 25, 2020 7:36:26 P. M. Node.java
INFO: Message cleared
abr. 25, 2020 7:36:28 P. M. Node.java
INFO: Matriculas.txt content deleted
abr. 25, 2020 7:36:31 P. M. Node.java
INFO: Message sent to next node
abr. 25, 2020 7:58:14 P. M. Node.java
INFO: Left thread started
abr. 25, 2020 7:58:14 P. M. Node.java
INFO: Right thread started
abr. 25, 2020 7:58:14 P. M. Node.java
INFO: Client Corba started
abr. 25, 2020 7:58:16 P. M. Node.java
INFO: First message sent
abr. 25, 2020 7:58:16 P. M. Node.java
INFO: Listening IN folder
abr. 25, 2020 7:58:47 P. M. Node.java
INFO: Message received
abr. 25, 2020 7:58:51 P. M. Node.java
INFO: Message updated
abr. 25, 2020 7:58:55 P. M. Node.java
INFO: Message sent to server
abr. 25, 2020 7:58:59 P. M. Node.java
INFO: Message cleared
abr. 25, 2020 7:59:03 P. M. Node.java
INFO: Matriculas.txt content deleted
abr. 25, 2020 7:59:06 P. M. Node.java
INFO: Message sent to next node
abr. 25, 2020 7:59:35 P. M. Node.java
INFO: Message received
abr. 25, 2020 7:59:40 P. M. Node.java
INFO: Message updated
abr. 25, 2020 7:59:43 P. M. Node.java
INFO: Message sent to server
abr. 25, 2020 7:59:47 P. M. Node.java
INFO: Message cleared
abr. 25, 2020 7:59:52 P. M. Node.java
INFO: Matriculas.txt content deleted
abr. 25, 2020 7:59:53 P. M. Node.java
INFO: Message sent to next node
abr. 25, 2020 8:00:24 P. M. Node.java
INFO: Message received
abr. 25, 2020 8:00:27 P. M. Node.java
INFO: Message updated
abr. 25, 2020 8:00:32 P. M. Node.java
INFO: Message sent to server
abr. 25, 2020 8:00:37 P. M. Node.java
INFO: Message cleared
abr. 25, 2020 8:00:40 P. M. Node.java
INFO: Matriculas.txt content deleted
abr. 25, 2020 8:00:43 P. M. Node.java
INFO: Message sent to next node
abr. 25, 2020 8:01:13 P. M. Node.java
INFO: Message received
abr. 25, 2020 8:01:16 P. M. Node.java
INFO: Message updated
abr. 25, 2020 8:01:21 P. M. Node.java
INFO: Message sent to server
abr. 25, 2020 8:01:25 P. M. Node.java
INFO: Message cleared
abr. 25, 2020 8:01:28 P. M. Node.java
INFO: Matriculas.txt content deleted
abr. 25, 2020 8:01:30 P. M. Node.java
INFO: Message sent to next node
abr. 25, 2020 8:02:01 P. M. Node.java
INFO: Message received
abr. 25, 2020 8:02:05 P. M. Node.java
INFO: Message updated
abr. 25, 2020 8:02:08 P. M. Node.java
INFO: Message sent to server
abr. 25, 2020 8:02:14 P. M. Node.java
INFO: Message cleared
abr. 25, 2020 8:02:17 P. M. Node.java
INFO: Matriculas.txt content deleted
abr. 25, 2020 8:02:19 P. M. Node.java
INFO: Message sent to next node
abr. 25, 2020 8:02:50 P. M. Node.java
INFO: Message received
abr. 25, 2020 8:02:54 P. M. Node.java
INFO: Message updated
abr. 25, 2020 8:02:58 P. M. Node.java
INFO: Message sent to server
abr. 25, 2020 8:03:02 P. M. Node.java
INFO: Message cleared
abr. 25, 2020 8:03:06 P. M. Node.java
INFO: Matriculas.txt content deleted
abr. 25, 2020 8:03:07 P. M. Node.java
INFO: Message sent to next node
abr. 25, 2020 8:03:38 P. M. Node.java
INFO: Message received
abr. 25, 2020 8:03:43 P. M. Node.java
INFO: Message updated
abr. 25, 2020 8:03:46 P. M. Node.java
INFO: Message sent to server
abr. 25, 2020 8:03:50 P. M. Node.java
INFO: Message cleared
abr. 25, 2020 8:03:55 P. M. Node.java
INFO: Matriculas.txt content deleted
abr. 25, 2020 8:03:56 P. M. Node.java
INFO: Message sent to next node
abr. 25, 2020 8:04:27 P. M. Node.java
INFO: Message received
abr. 25, 2020 8:04:30 P. M. Node.java
INFO: Message updated
abr. 25, 2020 8:04:34 P. M. Node.java
INFO: Message sent to server
abr. 25, 2020 8:04:39 P. M. Node.java
INFO: Message cleared
abr. 25, 2020 8:04:43 P. M. Node.java
INFO: Matriculas.txt content deleted
abr. 25, 2020 8:04:45 P. M. Node.java
INFO: Message sent to next node
abr. 25, 2020 8:05:16 P. M. Node.java
INFO: Message received
abr. 25, 2020 8:05:19 P. M. Node.java
INFO: Message updated
abr. 25, 2020 8:05:23 P. M. Node.java
INFO: Message sent to server
abr. 25, 2020 8:05:27 P. M. Node.java
INFO: Message cleared
abr. 25, 2020 8:05:32 P. M. Node.java
INFO: Matriculas.txt content deleted
abr. 25, 2020 8:05:33 P. M. Node.java
INFO: Message sent to next node
abr. 25, 2020 8:06:04 P. M. Node.java
INFO: Message received
abr. 25, 2020 8:06:08 P. M. Node.java
INFO: Message updated
abr. 25, 2020 8:06:12 P. M. Node.java
INFO: Message sent to server
abr. 25, 2020 8:06:16 P. M. Node.java
INFO: Message cleared
abr. 25, 2020 8:06:20 P. M. Node.java
INFO: Matriculas.txt content deleted
abr. 25, 2020 8:06:22 P. M. Node.java
INFO: Message sent to next node
abr. 25, 2020 8:06:52 P. M. Node.java
INFO: Message received
abr. 25, 2020 8:06:57 P. M. Node.java
INFO: Message updated
abr. 25, 2020 8:07:00 P. M. Node.java
INFO: Message sent to server
abr. 25, 2020 8:07:04 P. M. Node.java
INFO: Message cleared
abr. 25, 2020 8:07:09 P. M. Node.java
INFO: Matriculas.txt content deleted
abr. 25, 2020 8:07:11 P. M. Node.java
INFO: Message sent to next node
abr. 25, 2020 8:12:26 P. M. Node.java
INFO: Left thread started
abr. 25, 2020 8:12:26 P. M. Node.java
INFO: Client Corba started
abr. 25, 2020 8:12:26 P. M. Node.java
INFO: Right thread started
abr. 25, 2020 8:12:29 P. M. Node.java
INFO: First message sent
abr. 25, 2020 8:12:29 P. M. Node.java
INFO: Listening IN folder
abr. 25, 2020 8:13:00 P. M. Node.java
INFO: Message received
abr. 25, 2020 8:13:05 P. M. Node.java
INFO: Message updated
abr. 25, 2020 8:13:09 P. M. Node.java
INFO: Message sent to server
abr. 25, 2020 8:13:13 P. M. Node.java
INFO: Message cleared
abr. 25, 2020 8:13:17 P. M. Node.java
INFO: Matriculas.txt content deleted
abr. 25, 2020 8:13:18 P. M. Node.java
INFO: Message sent to next node
abr. 25, 2020 8:13:50 P. M. Node.java
INFO: Message received
abr. 25, 2020 8:13:53 P. M. Node.java
INFO: Message updated
abr. 25, 2020 8:13:57 P. M. Node.java
INFO: Message sent to server
abr. 25, 2020 8:14:02 P. M. Node.java
INFO: Message cleared
abr. 25, 2020 8:14:06 P. M. Node.java
INFO: Matriculas.txt content deleted
abr. 25, 2020 8:14:08 P. M. Node.java
INFO: Message sent to next node
abr. 25, 2020 8:14:39 P. M. Node.java
INFO: Message received
abr. 25, 2020 8:14:42 P. M. Node.java
INFO: Message updated
abr. 25, 2020 8:14:47 P. M. Node.java
INFO: Message sent to server
abr. 25, 2020 8:14:50 P. M. Node.java
INFO: Message cleared
abr. 25, 2020 8:14:54 P. M. Node.java
INFO: Matriculas.txt content deleted
abr. 25, 2020 8:14:56 P. M. Node.java
INFO: Message sent to next node
abr. 25, 2020 8:15:26 P. M. Node.java
INFO: Message received
abr. 25, 2020 8:15:31 P. M. Node.java
INFO: Message updated
abr. 25, 2020 8:15:35 P. M. Node.java
INFO: Message sent to server
abr. 25, 2020 8:15:39 P. M. Node.java
INFO: Message cleared
abr. 25, 2020 8:15:43 P. M. Node.java
INFO: Matriculas.txt content deleted
abr. 25, 2020 8:15:45 P. M. Node.java
INFO: Message sent to next node
abr. 25, 2020 8:16:16 P. M. Node.java
INFO: Message received
abr. 25, 2020 8:16:19 P. M. Node.java
INFO: Message updated
abr. 25, 2020 8:16:22 P. M. Node.java
INFO: Message sent to server
abr. 25, 2020 8:16:27 P. M. Node.java
INFO: Message cleared
abr. 25, 2020 8:16:32 P. M. Node.java
INFO: Matriculas.txt content deleted
abr. 25, 2020 8:16:33 P. M. Node.java
INFO: Message sent to next node
abr. 25, 2020 8:17:03 P. M. Node.java
INFO: Message received
abr. 25, 2020 8:17:08 P. M. Node.java
INFO: Message updated
abr. 25, 2020 8:17:13 P. M. Node.java
INFO: Message sent to server
abr. 25, 2020 8:17:17 P. M. Node.java
INFO: Message cleared
abr. 25, 2020 8:17:20 P. M. Node.java
INFO: Matriculas.txt content deleted
abr. 25, 2020 8:17:21 P. M. Node.java
INFO: Message sent to next node
abr. 25, 2020 8:17:53 P. M. Node.java
INFO: Message received
abr. 25, 2020 8:17:57 P. M. Node.java
INFO: Message updated
abr. 25, 2020 8:18:00 P. M. Node.java
INFO: Message sent to server
abr. 25, 2020 8:18:04 P. M. Node.java
INFO: Message cleared
abr. 25, 2020 8:18:09 P. M. Node.java
INFO: Matriculas.txt content deleted
abr. 25, 2020 8:18:10 P. M. Node.java
INFO: Message sent to next node
abr. 25, 2020 8:18:41 P. M. Node.java
INFO: Message received
abr. 25, 2020 8:18:45 P. M. Node.java
INFO: Message updated
abr. 25, 2020 8:18:49 P. M. Node.java
INFO: Message sent to server
abr. 25, 2020 8:18:53 P. M. Node.java
INFO: Message cleared
abr. 25, 2020 8:18:56 P. M. Node.java
INFO: Matriculas.txt content deleted
abr. 25, 2020 8:19:00 P. M. Node.java
INFO: Message sent to next node
abr. 25, 2020 8:19:29 P. M. Node.java
INFO: Message received
abr. 25, 2020 8:19:33 P. M. Node.java
INFO: Message updated
abr. 25, 2020 8:19:38 P. M. Node.java
INFO: Message sent to server
abr. 25, 2020 8:19:41 P. M. Node.java
INFO: Message cleared
abr. 25, 2020 8:19:45 P. M. Node.java
INFO: Matriculas.txt content deleted
abr. 25, 2020 8:19:47 P. M. Node.java
INFO: Message sent to next node
abr. 25, 2020 8:20:19 P. M. Node.java
INFO: Message received
abr. 25, 2020 8:21:07 P. M. Node.java
INFO: Left thread started
abr. 25, 2020 8:21:07 P. M. Node.java
INFO: Right thread started
abr. 25, 2020 8:21:07 P. M. Node.java
INFO: Client Corba started
abr. 25, 2020 8:21:10 P. M. Node.java
INFO: First message sent
abr. 25, 2020 8:21:10 P. M. Node.java
INFO: Listening IN folder
abr. 25, 2020 8:21:41 P. M. Node.java
INFO: Message received
abr. 25, 2020 8:21:44 P. M. Node.java
INFO: Message updated
abr. 25, 2020 8:21:49 P. M. Node.java
INFO: Message sent to server
abr. 25, 2020 8:21:52 P. M. Node.java
INFO: Message cleared
abr. 25, 2020 8:21:57 P. M. Node.java
INFO: Matriculas.txt content deleted
abr. 25, 2020 8:21:59 P. M. Node.java
INFO: Message sent to next node
abr. 25, 2020 8:22:28 P. M. Node.java
INFO: Message received
abr. 25, 2020 8:22:33 P. M. Node.java
INFO: Message updated
abr. 25, 2020 8:22:38 P. M. Node.java
INFO: Message sent to server
abr. 25, 2020 8:22:42 P. M. Node.java
INFO: Message cleared
abr. 25, 2020 8:22:46 P. M. Node.java
INFO: Matriculas.txt content deleted
abr. 25, 2020 8:22:48 P. M. Node.java
INFO: Message sent to next node
abr. 25, 2020 8:26:56 P. M. Node.java
INFO: Left thread started
abr. 25, 2020 8:26:56 P. M. Node.java
INFO: Right thread started
abr. 25, 2020 8:26:56 P. M. Node.java
INFO: Client Corba started
abr. 25, 2020 8:26:58 P. M. Node.java
INFO: First message sent
abr. 25, 2020 8:26:58 P. M. Node.java
INFO: Listening IN folder
abr. 25, 2020 8:27:29 P. M. Node.java
INFO: Message received
abr. 25, 2020 8:27:33 P. M. Node.java
INFO: Message updated
abr. 25, 2020 8:27:36 P. M. Node.java
INFO: Message sent to server
abr. 25, 2020 8:27:41 P. M. Node.java
INFO: Message cleared
abr. 25, 2020 8:27:45 P. M. Node.java
INFO: Matriculas.txt content deleted
abr. 25, 2020 8:27:47 P. M. Node.java
INFO: Message sent to next node
abr. 25, 2020 8:30:21 P. M. Node.java
INFO: Client Corba started
abr. 25, 2020 8:30:21 P. M. Node.java
INFO: Right thread started
abr. 25, 2020 8:30:21 P. M. Node.java
INFO: Left thread started
abr. 25, 2020 8:30:24 P. M. Node.java
INFO: First message sent
abr. 25, 2020 8:30:24 P. M. Node.java
INFO: Listening IN folder
abr. 25, 2020 8:30:55 P. M. Node.java
INFO: Message received
abr. 25, 2020 8:30:59 P. M. Node.java
INFO: Message updated
abr. 25, 2020 8:31:03 P. M. Node.java
INFO: Message sent to server
abr. 25, 2020 8:31:06 P. M. Node.java
INFO: Message cleared
abr. 25, 2020 8:31:11 P. M. Node.java
INFO: Matriculas.txt content deleted
abr. 25, 2020 8:31:14 P. M. Node.java
INFO: Message sent to next node
abr. 25, 2020 8:31:43 P. M. Node.java
INFO: Message received
abr. 25, 2020 8:31:48 P. M. Node.java
INFO: Message updated
abr. 25, 2020 8:31:52 P. M. Node.java
INFO: Message sent to server
abr. 25, 2020 8:31:55 P. M. Node.java
INFO: Message cleared
abr. 25, 2020 8:31:59 P. M. Node.java
INFO: Matriculas.txt content deleted
abr. 25, 2020 8:32:02 P. M. Node.java
INFO: Message sent to next node
abr. 25, 2020 8:32:31 P. M. Node.java
INFO: Message received
abr. 25, 2020 8:32:36 P. M. Node.java
INFO: Message updated
abr. 25, 2020 8:32:40 P. M. Node.java
INFO: Message sent to server
abr. 25, 2020 8:32:43 P. M. Node.java
INFO: Message cleared
abr. 25, 2020 8:32:49 P. M. Node.java
INFO: Matriculas.txt content deleted
abr. 25, 2020 8:32:50 P. M. Node.java
INFO: Message sent to next node
abr. 25, 2020 8:33:22 P. M. Node.java
INFO: Message received
abr. 25, 2020 8:33:25 P. M. Node.java
INFO: Message updated
abr. 25, 2020 8:33:29 P. M. Node.java
INFO: Message sent to server
abr. 25, 2020 8:33:33 P. M. Node.java
INFO: Message cleared
abr. 25, 2020 8:33:37 P. M. Node.java
INFO: Matriculas.txt content deleted
abr. 25, 2020 8:33:38 P. M. Node.java
INFO: Message sent to next node
abr. 25, 2020 8:34:10 P. M. Node.java
INFO: Message received
abr. 25, 2020 8:34:14 P. M. Node.java
INFO: Message updated
abr. 25, 2020 8:34:18 P. M. Node.java
INFO: Message sent to server
abr. 25, 2020 8:34:22 P. M. Node.java
INFO: Message cleared
abr. 25, 2020 8:34:26 P. M. Node.java
INFO: Matriculas.txt content deleted
abr. 25, 2020 8:34:28 P. M. Node.java
INFO: Message sent to next node
abr. 25, 2020 8:44:28 P. M. Node.java
INFO: Left thread started
abr. 25, 2020 8:44:28 P. M. Node.java
INFO: Right thread started
abr. 25, 2020 8:44:28 P. M. Node.java
INFO: Client Corba started
abr. 25, 2020 8:44:30 P. M. Node.java
INFO: Listening IN folder
abr. 25, 2020 8:44:30 P. M. Node.java
INFO: First message sent
abr. 25, 2020 8:44:50 P. M. Node.java
INFO: Sending license plate to CorbaServer
abr. 25, 2020 8:44:56 P. M. Node.java
INFO: IN: 1111 AAA matricula1.jpg TIME: 1587840296668
abr. 25, 2020 8:45:01 P. M. Node.java
INFO: Message received
abr. 25, 2020 8:45:05 P. M. Node.java
INFO: Message updated
abr. 25, 2020 8:45:09 P. M. Node.java
INFO: Message sent to server
abr. 25, 2020 8:45:14 P. M. Node.java
INFO: Message cleared
abr. 25, 2020 8:45:18 P. M. Node.java
INFO: Matriculas.txt content deleted
abr. 25, 2020 8:45:20 P. M. Node.java
INFO: Message sent to next node
abr. 25, 2020 8:45:51 P. M. Node.java
INFO: Message received
abr. 25, 2020 8:45:54 P. M. Node.java
INFO: Message updated
abr. 25, 2020 8:45:58 P. M. Node.java
INFO: Message sent to server
abr. 25, 2020 8:46:03 P. M. Node.java
INFO: Message cleared
abr. 25, 2020 8:46:06 P. M. Node.java
INFO: Matriculas.txt content deleted
abr. 25, 2020 8:46:08 P. M. Node.java
INFO: Message sent to next node
abr. 25, 2020 8:46:08 P. M. Node.java
INFO: Sending license plate to CorbaServer
abr. 25, 2020 8:46:16 P. M. Node.java
INFO: IN: 3547 NXB matricula2.jpg TIME: 1587840376957
abr. 25, 2020 8:46:38 P. M. Node.java
INFO: Message received
abr. 25, 2020 8:46:42 P. M. Node.java
INFO: Message updated
abr. 25, 2020 8:46:47 P. M. Node.java
INFO: Message sent to server
abr. 25, 2020 8:46:50 P. M. Node.java
INFO: Message cleared
abr. 25, 2020 8:46:55 P. M. Node.java
INFO: Matriculas.txt content deleted
abr. 25, 2020 8:46:57 P. M. Node.java
INFO: Message sent to next node
abr. 25, 2020 8:47:28 P. M. Node.java
INFO: Message received
abr. 25, 2020 8:47:32 P. M. Node.java
INFO: Message updated
abr. 25, 2020 8:47:35 P. M. Node.java
INFO: Message sent to server
abr. 25, 2020 8:47:39 P. M. Node.java
INFO: Message cleared
abr. 25, 2020 8:47:44 P. M. Node.java
INFO: Matriculas.txt content deleted
abr. 25, 2020 8:47:46 P. M. Node.java
INFO: Message sent to next node
abr. 25, 2020 8:48:16 P. M. Node.java
INFO: Message received
abr. 25, 2020 8:48:21 P. M. Node.java
INFO: Message updated
abr. 25, 2020 8:48:25 P. M. Node.java
INFO: Message sent to server
abr. 25, 2020 8:48:28 P. M. Node.java
INFO: Message cleared
abr. 25, 2020 8:48:32 P. M. Node.java
INFO: Matriculas.txt content deleted
abr. 25, 2020 8:48:34 P. M. Node.java
INFO: Message sent to next node
abr. 25, 2020 8:49:05 P. M. Node.java
INFO: Message received
abr. 25, 2020 8:49:08 P. M. Node.java
INFO: Message updated
abr. 25, 2020 8:49:13 P. M. Node.java
INFO: Message sent to server
abr. 25, 2020 8:49:17 P. M. Node.java
INFO: Message cleared
abr. 25, 2020 8:49:21 P. M. Node.java
INFO: Matriculas.txt content deleted
abr. 25, 2020 8:49:23 P. M. Node.java
INFO: Message sent to next node
abr. 25, 2020 8:49:24 P. M. Node.java
INFO: Sending license plate to CorbaServer
abr. 25, 2020 8:49:31 P. M. Node.java
INFO: IN: 3456 CXT matricula3.jpg TIME: 1587840571356
abr. 25, 2020 8:49:53 P. M. Node.java
INFO: Message received
abr. 25, 2020 8:49:57 P. M. Node.java
INFO: Message updated
abr. 25, 2020 8:50:02 P. M. Node.java
INFO: Message sent to server
abr. 25, 2020 8:50:05 P. M. Node.java
INFO: Message cleared
abr. 25, 2020 8:50:10 P. M. Node.java
INFO: Matriculas.txt content deleted
abr. 25, 2020 8:50:11 P. M. Node.java
INFO: Message sent to next node
abr. 25, 2020 8:50:43 P. M. Node.java
INFO: Message received
abr. 25, 2020 8:50:46 P. M. Node.java
INFO: Message updated
abr. 25, 2020 8:50:50 P. M. Node.java
INFO: Message sent to server
abr. 25, 2020 8:50:54 P. M. Node.java
INFO: Message cleared
abr. 25, 2020 8:50:59 P. M. Node.java
INFO: Matriculas.txt content deleted
abr. 25, 2020 8:51:01 P. M. Node.java
INFO: Message sent to next node
abr. 25, 2020 8:51:28 P. M. Node.java
INFO: Sending license plate to CorbaServer
abr. 25, 2020 8:51:32 P. M. Node.java
INFO: Message received
abr. 25, 2020 8:53:10 P. M. Node.java
INFO: Client Corba started
abr. 25, 2020 8:53:10 P. M. Node.java
INFO: Left thread started
abr. 25, 2020 8:53:10 P. M. Node.java
INFO: Right thread started
abr. 25, 2020 8:53:13 P. M. Node.java
INFO: First message sent
abr. 25, 2020 8:53:13 P. M. Node.java
INFO: Listening IN folder
abr. 25, 2020 8:53:27 P. M. Node.java
INFO: Sending license plate to CorbaServer
abr. 25, 2020 8:53:33 P. M. Node.java
INFO: IN: 1111 AAA matricula1.jpg TIME: 1587840813139
abr. 25, 2020 8:53:43 P. M. Node.java
INFO: Message received
abr. 25, 2020 8:53:49 P. M. Node.java
INFO: Message updated
abr. 25, 2020 8:53:51 P. M. Node.java
INFO: Message sent to server
abr. 25, 2020 8:53:57 P. M. Node.java
INFO: Message cleared
abr. 25, 2020 8:54:00 P. M. Node.java
INFO: Matriculas.txt content deleted
abr. 25, 2020 8:54:02 P. M. Node.java
INFO: Message sent to next node
abr. 25, 2020 8:54:23 P. M. Node.java
INFO: Sending license plate to CorbaServer
abr. 25, 2020 8:54:29 P. M. Node.java
INFO: IN: 0000 000 matricula4.jpg TIME: 1587840869790
abr. 25, 2020 8:54:32 P. M. Node.java
INFO: Message received
abr. 25, 2020 8:54:37 P. M. Node.java
INFO: Message updated
abr. 25, 2020 8:54:41 P. M. Node.java
INFO: Message sent to server
abr. 25, 2020 8:54:44 P. M. Node.java
INFO: Message cleared
abr. 25, 2020 8:54:50 P. M. Node.java
INFO: Matriculas.txt content deleted
abr. 25, 2020 8:54:51 P. M. Node.java
INFO: Message sent to next node
abr. 25, 2020 8:55:21 P. M. Node.java
INFO: Message received
abr. 25, 2020 8:55:25 P. M. Node.java
INFO: Message updated
abr. 25, 2020 8:55:29 P. M. Node.java
INFO: Message sent to server
abr. 25, 2020 8:55:34 P. M. Node.java
INFO: Message cleared
abr. 25, 2020 8:55:38 P. M. Node.java
INFO: Matriculas.txt content deleted
abr. 25, 2020 8:55:40 P. M. Node.java
INFO: Message sent to next node
abr. 25, 2020 8:56:11 P. M. Node.java
INFO: Message received
abr. 25, 2020 8:56:14 P. M. Node.java
INFO: Message updated
abr. 25, 2020 8:56:18 P. M. Node.java
INFO: Message sent to server
abr. 25, 2020 8:56:23 P. M. Node.java
INFO: Message cleared
abr. 25, 2020 8:56:27 P. M. Node.java
INFO: Matriculas.txt content deleted
abr. 25, 2020 8:56:28 P. M. Node.java
INFO: Message sent to next node
abr. 25, 2020 8:57:00 P. M. Node.java
INFO: Message received
abr. 25, 2020 8:57:03 P. M. Node.java
INFO: Message updated
abr. 25, 2020 8:57:07 P. M. Node.java
INFO: Message sent to server
abr. 25, 2020 8:57:12 P. M. Node.java
INFO: Message cleared
abr. 25, 2020 8:57:16 P. M. Node.java
INFO: Matriculas.txt content deleted
abr. 25, 2020 8:57:18 P. M. Node.java
INFO: Message sent to next node
abr. 25, 2020 8:57:49 P. M. Node.java
INFO: Message received
abr. 25, 2020 8:57:52 P. M. Node.java
INFO: Message updated
abr. 25, 2020 8:57:56 P. M. Node.java
INFO: Message sent to server
abr. 25, 2020 8:58:01 P. M. Node.java
INFO: Message cleared
abr. 25, 2020 8:58:04 P. M. Node.java
INFO: Matriculas.txt content deleted
abr. 25, 2020 8:58:06 P. M. Node.java
INFO: Message sent to next node
abr. 25, 2020 8:58:37 P. M. Node.java
INFO: Message received
abr. 25, 2020 8:58:41 P. M. Node.java
INFO: Message updated
abr. 25, 2020 8:58:46 P. M. Node.java
INFO: Message sent to server
abr. 25, 2020 8:58:49 P. M. Node.java
INFO: Message cleared
abr. 25, 2020 8:58:53 P. M. Node.java
INFO: Matriculas.txt content deleted
abr. 25, 2020 8:58:56 P. M. Node.java
INFO: Message sent to next node
abr. 25, 2020 9:00:05 P. M. Node.java
INFO: Left thread started
abr. 25, 2020 9:00:05 P. M. Node.java
INFO: Client Corba started
abr. 25, 2020 9:00:05 P. M. Node.java
INFO: Right thread started
abr. 25, 2020 9:00:08 P. M. Node.java
INFO: First message sent
abr. 25, 2020 9:00:08 P. M. Node.java
INFO: Listening IN folder
abr. 25, 2020 9:00:37 P. M. Node.java
INFO: Message received
abr. 25, 2020 9:00:41 P. M. Node.java
INFO: Message updated
abr. 25, 2020 9:00:46 P. M. Node.java
INFO: Message sent to server
abr. 25, 2020 9:00:50 P. M. Node.java
INFO: Message cleared
abr. 25, 2020 9:00:54 P. M. Node.java
INFO: Matriculas.txt content deleted
abr. 25, 2020 9:00:56 P. M. Node.java
INFO: Message sent to next node
abr. 25, 2020 9:01:25 P. M. Node.java
INFO: Message received
abr. 25, 2020 9:01:30 P. M. Node.java
INFO: Message updated
abr. 25, 2020 9:01:36 P. M. Node.java
INFO: Message sent to server
abr. 25, 2020 9:01:39 P. M. Node.java
INFO: Message cleared
abr. 25, 2020 9:01:42 P. M. Node.java
INFO: Matriculas.txt content deleted
abr. 25, 2020 9:01:46 P. M. Node.java
INFO: Message sent to next node
abr. 25, 2020 9:02:15 P. M. Node.java
INFO: Message received
abr. 25, 2020 9:02:19 P. M. Node.java
INFO: Message updated
abr. 25, 2020 9:02:23 P. M. Node.java
INFO: Message sent to server
abr. 25, 2020 9:02:28 P. M. Node.java
INFO: Message cleared
abr. 25, 2020 9:02:32 P. M. Node.java
INFO: Matriculas.txt content deleted
abr. 25, 2020 9:02:34 P. M. Node.java
INFO: Message sent to next node
abr. 25, 2020 9:03:03 P. M. Node.java
INFO: Message received
abr. 25, 2020 9:03:08 P. M. Node.java
INFO: Message updated
abr. 25, 2020 9:03:12 P. M. Node.java
INFO: Message sent to server
abr. 25, 2020 9:03:16 P. M. Node.java
INFO: Message cleared
abr. 25, 2020 9:03:21 P. M. Node.java
INFO: Matriculas.txt content deleted
abr. 25, 2020 9:03:23 P. M. Node.java
INFO: Message sent to next node
abr. 25, 2020 9:03:54 P. M. Node.java
INFO: Message received
abr. 25, 2020 9:03:57 P. M. Node.java
INFO: Message updated
abr. 25, 2020 9:04:00 P. M. Node.java
INFO: Message sent to server
abr. 25, 2020 9:04:05 P. M. Node.java
INFO: Message cleared
abr. 25, 2020 9:04:09 P. M. Node.java
INFO: Matriculas.txt content deleted
abr. 25, 2020 9:04:12 P. M. Node.java
INFO: Message sent to next node
abr. 25, 2020 9:04:41 P. M. Node.java
INFO: Message received
abr. 25, 2020 9:04:46 P. M. Node.java
INFO: Message updated
abr. 25, 2020 9:04:50 P. M. Node.java
INFO: Message sent to server
abr. 25, 2020 9:08:18 P. M. Node.java
INFO: Client Corba started
abr. 25, 2020 9:08:18 P. M. Node.java
INFO: Right thread started
abr. 25, 2020 9:08:18 P. M. Node.java
INFO: Left thread started
abr. 25, 2020 9:08:21 P. M. Node.java
INFO: First message sent
abr. 25, 2020 9:08:21 P. M. Node.java
INFO: Listening IN folder
abr. 25, 2020 9:09:02 P. M. Node.java
INFO: Left thread started
abr. 25, 2020 9:09:02 P. M. Node.java
INFO: Client Corba started
abr. 25, 2020 9:09:02 P. M. Node.java
INFO: Right thread started
abr. 25, 2020 9:09:05 P. M. Node.java
INFO: First message sent
abr. 25, 2020 9:09:05 P. M. Node.java
INFO: Listening IN folder
abr. 25, 2020 9:09:34 P. M. Node.java
INFO: Sending license plate to CorbaServer
abr. 25, 2020 9:09:35 P. M. Node.java
INFO: Message received
abr. 25, 2020 9:10:38 P. M. Node.java
INFO: Right thread started
abr. 25, 2020 9:10:38 P. M. Node.java
INFO: Client Corba started
abr. 25, 2020 9:10:38 P. M. Node.java
INFO: Left thread started
abr. 25, 2020 9:10:42 P. M. Node.java
INFO: First message sent
abr. 25, 2020 9:10:42 P. M. Node.java
INFO: Listening IN folder
abr. 25, 2020 9:11:12 P. M. Node.java
INFO: Message received
abr. 25, 2020 9:11:16 P. M. Node.java
INFO: Message updated
abr. 25, 2020 9:11:21 P. M. Node.java
INFO: Message sent to server
abr. 25, 2020 9:11:24 P. M. Node.java
INFO: Message cleared
abr. 25, 2020 9:11:28 P. M. Node.java
INFO: Matriculas.txt content deleted
abr. 25, 2020 9:11:31 P. M. Node.java
INFO: Message sent to next node
abr. 25, 2020 9:12:00 P. M. Node.java
INFO: Message received
abr. 25, 2020 9:12:04 P. M. Node.java
INFO: Message updated
abr. 25, 2020 9:12:09 P. M. Node.java
INFO: Message sent to server
abr. 25, 2020 9:12:13 P. M. Node.java
INFO: Message cleared
abr. 25, 2020 9:12:17 P. M. Node.java
INFO: Matriculas.txt content deleted
abr. 25, 2020 9:12:19 P. M. Node.java
INFO: Message sent to next node
abr. 25, 2020 9:12:49 P. M. Node.java
INFO: Message received
abr. 25, 2020 9:12:54 P. M. Node.java
INFO: Message updated
abr. 25, 2020 9:12:58 P. M. Node.java
INFO: Message sent to server
abr. 25, 2020 9:13:01 P. M. Node.java
INFO: Message cleared
abr. 25, 2020 9:13:06 P. M. Node.java
INFO: Matriculas.txt content deleted
abr. 25, 2020 9:13:07 P. M. Node.java
INFO: Message sent to next node
abr. 25, 2020 9:13:39 P. M. Node.java
INFO: Message received
abr. 25, 2020 9:13:42 P. M. Node.java
INFO: Message updated
abr. 25, 2020 9:13:47 P. M. Node.java
INFO: Message sent to server
abr. 25, 2020 9:13:50 P. M. Node.java
INFO: Message cleared
abr. 25, 2020 9:13:54 P. M. Node.java
INFO: Matriculas.txt content deleted
abr. 25, 2020 9:13:57 P. M. Node.java
INFO: Message sent to next node
abr. 25, 2020 9:14:27 P. M. Node.java
INFO: Message received
abr. 25, 2020 9:14:31 P. M. Node.java
INFO: Message updated
abr. 25, 2020 9:14:36 P. M. Node.java
INFO: Message sent to server
abr. 25, 2020 9:14:40 P. M. Node.java
INFO: Message cleared
abr. 25, 2020 9:14:43 P. M. Node.java
INFO: Matriculas.txt content deleted
abr. 25, 2020 9:27:42 P. M. Node.java
INFO: Client Corba started
abr. 25, 2020 9:27:42 P. M. Node.java
INFO: Right thread started
abr. 25, 2020 9:27:42 P. M. Node.java
INFO: Left thread started
abr. 25, 2020 9:27:44 P. M. Node.java
INFO: First message sent
abr. 25, 2020 9:27:44 P. M. Node.java
INFO: Listening IN folder
abr. 25, 2020 9:28:13 P. M. Node.java
INFO: Sending license plate to CorbaServer
abr. 25, 2020 9:28:14 P. M. Node.java
INFO: Message received
abr. 25, 2020 9:29:01 P. M. Node.java
INFO: Right thread started
abr. 25, 2020 9:29:01 P. M. Node.java
INFO: Client Corba started
abr. 25, 2020 9:29:01 P. M. Node.java
INFO: Left thread started
abr. 25, 2020 9:29:03 P. M. Node.java
INFO: Listening IN folder
abr. 25, 2020 9:29:03 P. M. Node.java
INFO: First message sent
abr. 25, 2020 9:29:15 P. M. Node.java
INFO: Sending license plate to CorbaServer
abr. 25, 2020 9:29:21 P. M. Node.java
INFO: IN: 1111 AAA matricula1.jpg TIME: 1587842961155
abr. 25, 2020 9:29:34 P. M. Node.java
INFO: Message received
abr. 25, 2020 9:29:37 P. M. Node.java
INFO: Message updated
abr. 25, 2020 9:29:42 P. M. Node.java
INFO: Message sent to server
abr. 25, 2020 9:29:45 P. M. Node.java
INFO: Message cleared
abr. 25, 2020 9:29:50 P. M. Node.java
INFO: Matriculas.txt content deleted
abr. 25, 2020 9:29:52 P. M. Node.java
INFO: Message sent to next node
abr. 25, 2020 9:30:22 P. M. Node.java
INFO: Message received
abr. 25, 2020 9:30:26 P. M. Node.java
INFO: Message updated
abr. 25, 2020 9:30:31 P. M. Node.java
INFO: Message sent to server
abr. 25, 2020 9:30:35 P. M. Node.java
INFO: Message cleared
abr. 25, 2020 9:30:38 P. M. Node.java
INFO: Matriculas.txt content deleted
abr. 25, 2020 9:30:40 P. M. Node.java
INFO: Message sent to next node
abr. 25, 2020 9:31:35 P. M. Node.java
INFO: Right thread started
abr. 25, 2020 9:31:35 P. M. Node.java
INFO: Client Corba started
abr. 25, 2020 9:31:35 P. M. Node.java
INFO: Left thread started
abr. 25, 2020 9:31:36 P. M. Node.java
INFO: Listening IN folder
abr. 25, 2020 9:31:36 P. M. Node.java
INFO: First message sent
abr. 25, 2020 9:31:50 P. M. Node.java
INFO: Sending license plate to CorbaServer
abr. 25, 2020 9:31:55 P. M. Node.java
INFO: IN: 1111 AAA matricula1.jpg TIME: 1587843115799
abr. 25, 2020 9:32:07 P. M. Node.java
INFO: Message received
abr. 25, 2020 9:32:11 P. M. Node.java
INFO: Message updated
abr. 25, 2020 9:32:16 P. M. Node.java
INFO: Message sent to server
abr. 25, 2020 9:32:20 P. M. Node.java
INFO: Message cleared
abr. 25, 2020 9:32:24 P. M. Node.java
INFO: Matriculas.txt content deleted
abr. 25, 2020 9:32:25 P. M. Node.java
INFO: Message sent to next node
abr. 25, 2020 9:32:56 P. M. Node.java
INFO: Message received
abr. 25, 2020 9:33:51 P. M. Node.java
INFO: Right thread started
abr. 25, 2020 9:33:51 P. M. Node.java
INFO: Left thread started
abr. 25, 2020 9:33:51 P. M. Node.java
INFO: Client Corba started
abr. 25, 2020 9:33:52 P. M. Node.java
INFO: First message sent
abr. 25, 2020 9:33:52 P. M. Node.java
INFO: Listening IN folder
abr. 25, 2020 9:34:05 P. M. Node.java
INFO: Sending license plate to CorbaServer
abr. 25, 2020 9:34:10 P. M. Node.java
INFO: IN: 1111 AAA matricula1.jpg TIME: 1587843250589
abr. 25, 2020 9:34:24 P. M. Node.java
INFO: Message received
abr. 25, 2020 9:34:28 P. M. Node.java
INFO: Message updated
abr. 25, 2020 9:34:33 P. M. Node.java
INFO: Message sent to server
abr. 25, 2020 9:34:36 P. M. Node.java
INFO: Message cleared
abr. 25, 2020 9:34:40 P. M. Node.java
INFO: Matriculas.txt content deleted
abr. 25, 2020 9:34:42 P. M. Node.java
INFO: Message sent to next node
abr. 25, 2020 9:35:13 P. M. Node.java
INFO: Message received
abr. 25, 2020 9:35:17 P. M. Node.java
INFO: Message updated
abr. 25, 2020 9:35:20 P. M. Node.java
INFO: Message sent to server
abr. 25, 2020 9:35:25 P. M. Node.java
INFO: Message cleared
abr. 25, 2020 9:35:29 P. M. Node.java
INFO: Matriculas.txt content deleted
abr. 25, 2020 9:35:30 P. M. Node.java
INFO: Message sent to next node
